<?xml version="1.0" encoding="UTF-8"?>
<coverage generated="1751749749847" clover="3.2.0">
  <project timestamp="1751749749847" name="All files">
    <metrics statements="234" coveredstatements="200" conditionals="147" coveredconditionals="96" methods="122" coveredmethods="106" elements="503" coveredelements="402" complexity="0" loc="234" ncloc="234" packages="1" files="5" classes="5"/>
    <file name="authStore.ts" path="D:\Cursos Por Aprender Udemy\React\gestion de ventas\gestion-de-ventas\src\stores\authStore.ts">
      <metrics statements="68" coveredstatements="40" conditionals="61" coveredconditionals="23" methods="28" coveredmethods="13"/>
      <line num="1" count="6" type="stmt"/>
      <line num="2" count="6" type="stmt"/>
      <line num="23" count="6" type="stmt"/>
      <line num="50" count="6" type="stmt"/>
      <line num="52" count="6" type="stmt"/>
      <line num="54" count="6" type="stmt"/>
      <line num="61" count="27" type="stmt"/>
      <line num="62" count="27" type="stmt"/>
      <line num="63" count="35" type="stmt"/>
      <line num="65" count="27" type="cond" truecount="1" falsecount="1"/>
      <line num="66" count="0" type="stmt"/>
      <line num="70" count="27" type="cond" truecount="2" falsecount="0"/>
      <line num="71" count="6" type="stmt"/>
      <line num="75" count="21" type="cond" truecount="2" falsecount="0"/>
      <line num="76" count="2" type="stmt"/>
      <line num="80" count="19" type="cond" truecount="1" falsecount="1"/>
      <line num="81" count="0" type="stmt"/>
      <line num="85" count="19" type="stmt"/>
      <line num="93" count="19" type="stmt"/>
      <line num="95" count="10" type="stmt"/>
      <line num="99" count="19" type="stmt"/>
      <line num="103" count="9" type="stmt"/>
      <line num="104" count="9" type="cond" truecount="4" falsecount="2"/>
      <line num="105" count="9" type="stmt"/>
      <line num="109" count="9" type="cond" truecount="4" falsecount="2"/>
      <line num="118" count="0" type="stmt"/>
      <line num="119" count="0" type="cond" truecount="0" falsecount="6"/>
      <line num="120" count="0" type="stmt"/>
      <line num="122" count="0" type="cond" truecount="0" falsecount="6"/>
      <line num="131" count="0" type="stmt"/>
      <line num="132" count="0" type="cond" truecount="0" falsecount="2"/>
      <line num="134" count="0" type="stmt"/>
      <line num="135" count="0" type="cond" truecount="0" falsecount="6"/>
      <line num="138" count="0" type="cond" truecount="0" falsecount="2"/>
      <line num="140" count="0" type="stmt"/>
      <line num="141" count="0" type="cond" truecount="0" falsecount="2"/>
      <line num="142" count="0" type="stmt"/>
      <line num="145" count="0" type="stmt"/>
      <line num="146" count="0" type="stmt"/>
      <line num="147" count="0" type="stmt"/>
      <line num="148" count="0" type="stmt"/>
      <line num="150" count="0" type="stmt"/>
      <line num="154" count="1" type="stmt"/>
      <line num="155" count="1" type="stmt"/>
      <line num="157" count="1" type="stmt"/>
      <line num="159" count="1" type="stmt"/>
      <line num="160" count="1" type="cond" truecount="1" falsecount="1"/>
      <line num="161" count="1" type="stmt"/>
      <line num="163" count="1" type="cond" truecount="1" falsecount="1"/>
      <line num="164" count="0" type="stmt"/>
      <line num="167" count="1" type="stmt"/>
      <line num="168" count="1" type="stmt"/>
      <line num="170" count="1" type="stmt"/>
      <line num="171" count="1" type="cond" truecount="1" falsecount="1"/>
      <line num="172" count="1" type="cond" truecount="4" falsecount="2"/>
      <line num="173" count="1" type="stmt"/>
      <line num="174" count="1" type="stmt"/>
      <line num="182" count="19" type="stmt"/>
      <line num="183" count="19" type="stmt"/>
      <line num="184" count="10" type="cond" truecount="2" falsecount="1"/>
      <line num="192" count="0" type="stmt"/>
      <line num="196" count="0" type="stmt"/>
      <line num="200" count="0" type="stmt"/>
      <line num="206" count="0" type="stmt"/>
      <line num="208" count="0" type="cond" truecount="0" falsecount="2"/>
      <line num="214" count="0" type="stmt"/>
      <line num="215" count="0" type="stmt"/>
      <line num="221" count="0" type="stmt"/>
    </file>
    <file name="cartStore.ts" path="D:\Cursos Por Aprender Udemy\React\gestion de ventas\gestion-de-ventas\src\stores\cartStore.ts">
      <metrics statements="98" coveredstatements="92" conditionals="49" coveredconditionals="39" methods="36" coveredmethods="35"/>
      <line num="1" count="7" type="stmt"/>
      <line num="2" count="7" type="stmt"/>
      <line num="22" count="7" type="stmt"/>
      <line num="24" count="7" type="stmt"/>
      <line num="30" count="28" type="stmt"/>
      <line num="33" count="28" type="cond" truecount="4" falsecount="0"/>
      <line num="34" count="6" type="stmt"/>
      <line num="43" count="28" type="cond" truecount="2" falsecount="0"/>
      <line num="44" count="28" type="stmt"/>
      <line num="51" count="35" type="stmt"/>
      <line num="52" count="35" type="cond" truecount="1" falsecount="1"/>
      <line num="54" count="35" type="stmt"/>
      <line num="55" count="8" type="stmt"/>
      <line num="58" count="35" type="cond" truecount="2" falsecount="0"/>
      <line num="59" count="1" type="stmt"/>
      <line num="60" count="1" type="cond" truecount="1" falsecount="1"/>
      <line num="61" count="0" type="stmt"/>
      <line num="62" count="0" type="stmt"/>
      <line num="65" count="1" type="stmt"/>
      <line num="67" count="1" type="cond" truecount="1" falsecount="1"/>
      <line num="77" count="34" type="cond" truecount="2" falsecount="0"/>
      <line num="78" count="2" type="stmt"/>
      <line num="79" count="2" type="stmt"/>
      <line num="82" count="32" type="stmt"/>
      <line num="90" count="32" type="stmt"/>
      <line num="96" count="33" type="stmt"/>
      <line num="97" count="17" type="stmt"/>
      <line num="102" count="5" type="cond" truecount="2" falsecount="0"/>
      <line num="103" count="1" type="stmt"/>
      <line num="104" count="1" type="stmt"/>
      <line num="107" count="4" type="stmt"/>
      <line num="108" count="4" type="stmt"/>
      <line num="109" count="4" type="cond" truecount="3" falsecount="1"/>
      <line num="110" count="0" type="stmt"/>
      <line num="111" count="0" type="stmt"/>
      <line num="114" count="4" type="stmt"/>
      <line num="116" count="5" type="cond" truecount="2" falsecount="0"/>
      <line num="126" count="4" type="stmt"/>
      <line num="127" count="2" type="stmt"/>
      <line num="132" count="1" type="stmt"/>
      <line num="133" count="1" type="stmt"/>
      <line num="134" count="1" type="stmt"/>
      <line num="137" count="1" type="stmt"/>
      <line num="138" count="0" type="stmt"/>
      <line num="143" count="4" type="stmt"/>
      <line num="144" count="4" type="cond" truecount="1" falsecount="1"/>
      <line num="145" count="4" type="stmt"/>
      <line num="153" count="0" type="stmt"/>
      <line num="158" count="15" type="stmt"/>
      <line num="159" count="15" type="stmt"/>
      <line num="160" count="32" type="stmt"/>
      <line num="166" count="14" type="stmt"/>
      <line num="167" count="30" type="stmt"/>
      <line num="172" count="7" type="stmt"/>
      <line num="173" count="7" type="stmt"/>
      <line num="177" count="4" type="stmt"/>
      <line num="178" count="4" type="stmt"/>
      <line num="179" count="4" type="stmt"/>
      <line num="180" count="4" type="stmt"/>
      <line num="184" count="1" type="stmt"/>
      <line num="185" count="1" type="stmt"/>
      <line num="189" count="19" type="stmt"/>
      <line num="192" count="19" type="stmt"/>
      <line num="193" count="19" type="stmt"/>
      <line num="196" count="25" type="stmt"/>
      <line num="202" count="19" type="stmt"/>
      <line num="205" count="19" type="stmt"/>
      <line num="206" count="155" type="cond" truecount="2" falsecount="0"/>
      <line num="208" count="115" type="stmt"/>
      <line num="209" count="115" type="stmt"/>
      <line num="210" count="143" type="stmt"/>
      <line num="212" count="115" type="cond" truecount="2" falsecount="0"/>
      <line num="213" count="15" type="stmt"/>
      <line num="214" count="15" type="cond" truecount="2" falsecount="0"/>
      <line num="215" count="9" type="stmt"/>
      <line num="219" count="9" type="stmt"/>
      <line num="221" count="9" type="stmt"/>
      <line num="223" count="9" type="stmt"/>
      <line num="231" count="40" type="cond" truecount="3" falsecount="1"/>
      <line num="233" count="40" type="stmt"/>
      <line num="234" count="40" type="stmt"/>
      <line num="235" count="47" type="stmt"/>
      <line num="237" count="40" type="cond" truecount="4" falsecount="0"/>
      <line num="238" count="7" type="stmt"/>
      <line num="241" count="7" type="cond" truecount="1" falsecount="1"/>
      <line num="244" count="7" type="stmt"/>
      <line num="245" count="17" type="stmt"/>
      <line num="247" count="7" type="cond" truecount="2" falsecount="0"/>
      <line num="248" count="2" type="stmt"/>
      <line num="250" count="2" type="stmt"/>
      <line num="253" count="2" type="stmt"/>
      <line num="261" count="5" type="stmt"/>
      <line num="262" count="5" type="stmt"/>
      <line num="264" count="100" type="stmt"/>
      <line num="265" count="5" type="cond" truecount="1" falsecount="1"/>
      <line num="266" count="5" type="stmt"/>
      <line num="274" count="5" type="stmt"/>
      <line num="284" count="19" type="stmt"/>
    </file>
    <file name="offerStore.ts" path="D:\Cursos Por Aprender Udemy\React\gestion de ventas\gestion-de-ventas\src\stores\offerStore.ts">
      <metrics statements="16" coveredstatements="16" conditionals="5" coveredconditionals="5" methods="13" coveredmethods="13"/>
      <line num="1" count="6" type="stmt"/>
      <line num="2" count="6" type="stmt"/>
      <line num="14" count="6" type="stmt"/>
      <line num="144" count="6" type="stmt"/>
      <line num="146" count="6" type="stmt"/>
      <line num="150" count="7" type="stmt"/>
      <line num="156" count="7" type="stmt"/>
      <line num="162" count="3" type="stmt"/>
      <line num="164" count="25" type="cond" truecount="2" falsecount="0"/>
      <line num="172" count="2" type="stmt"/>
      <line num="173" count="17" type="stmt"/>
      <line num="178" count="26" type="stmt"/>
      <line num="179" count="26" type="stmt"/>
      <line num="180" count="215" type="cond" truecount="3" falsecount="0"/>
      <line num="187" count="2" type="stmt"/>
      <line num="188" count="16" type="stmt"/>
    </file>
    <file name="productStore.ts" path="D:\Cursos Por Aprender Udemy\React\gestion de ventas\gestion-de-ventas\src\stores\productStore.ts">
      <metrics statements="24" coveredstatements="24" conditionals="26" coveredconditionals="25" methods="26" coveredmethods="26"/>
      <line num="1" count="7" type="stmt"/>
      <line num="2" count="7" type="stmt"/>
      <line num="22" count="7" type="stmt"/>
      <line num="322" count="7" type="stmt"/>
      <line num="324" count="7" type="stmt"/>
      <line num="329" count="3" type="stmt"/>
      <line num="336" count="3" type="stmt"/>
      <line num="345" count="2" type="stmt"/>
      <line num="347" count="41" type="cond" truecount="2" falsecount="0"/>
      <line num="355" count="2" type="stmt"/>
      <line num="357" count="41" type="cond" truecount="2" falsecount="0"/>
      <line num="365" count="1" type="stmt"/>
      <line num="369" count="15" type="stmt"/>
      <line num="371" count="301" type="cond" truecount="2" falsecount="0"/>
      <line num="379" count="7" type="stmt"/>
      <line num="381" count="140" type="cond" truecount="2" falsecount="0"/>
      <line num="389" count="89" type="cond" truecount="2" falsecount="0"/>
      <line num="393" count="9" type="cond" truecount="2" falsecount="0"/>
      <line num="397" count="1" type="stmt"/>
      <line num="398" count="1" type="stmt"/>
      <line num="400" count="1" type="stmt"/>
      <line num="401" count="20" type="cond" truecount="5" falsecount="0"/>
      <line num="411" count="20" type="cond" truecount="2" falsecount="0"/>
      <line num="415" count="41" type="cond" truecount="2" falsecount="0"/>
    </file>
    <file name="salesStore.ts" path="D:\Cursos Por Aprender Udemy\React\gestion de ventas\gestion-de-ventas\src\stores\salesStore.ts">
      <metrics statements="28" coveredstatements="28" conditionals="6" coveredconditionals="4" methods="19" coveredmethods="19"/>
      <line num="1" count="5" type="stmt"/>
      <line num="2" count="5" type="stmt"/>
      <line num="29" count="5" type="stmt"/>
      <line num="31" count="5" type="stmt"/>
      <line num="36" count="21" type="stmt"/>
      <line num="37" count="21" type="stmt"/>
      <line num="38" count="19" type="stmt"/>
      <line num="39" count="19" type="stmt"/>
      <line num="41" count="19" type="stmt"/>
      <line num="43" count="19" type="stmt"/>
      <line num="61" count="19" type="stmt"/>
      <line num="65" count="19" type="stmt"/>
      <line num="69" count="10" type="stmt"/>
      <line num="71" count="10" type="cond" truecount="2" falsecount="0"/>
      <line num="72" count="1" type="stmt"/>
      <line num="75" count="10" type="stmt"/>
      <line num="77" count="9" type="stmt"/>
      <line num="90" count="9" type="stmt"/>
      <line num="91" count="9" type="stmt"/>
      <line num="94" count="9" type="stmt"/>
      <line num="96" count="9" type="cond" truecount="1" falsecount="1"/>
      <line num="103" count="9" type="stmt"/>
      <line num="107" count="6" type="stmt"/>
      <line num="111" count="2" type="stmt"/>
      <line num="112" count="2" type="stmt"/>
      <line num="114" count="2" type="stmt"/>
      <line num="118" count="2" type="stmt"/>
      <line num="122" count="11" type="stmt"/>
    </file>
  </project>
</coverage>
