{"D:\\Cursos Por Aprender Udemy\\React\\gestion de ventas\\gestion-de-ventas\\src\\stores\\authStore.ts": {"path":"D:\\Cursos Por Aprender Udemy\\React\\gestion de ventas\\gestion-de-ventas\\src\\stores\\authStore.ts","statementMap":{"0":{"start":{"line":1,"column":0},"end":{"line":1,"column":33}},"1":{"start":{"line":2,"column":0},"end":{"line":2,"column":45}},"2":{"start":{"line":23,"column":29},"end":{"line":48,"column":2}},"3":{"start":{"line":50,"column":32},"end":{"line":50,"column":34}},"4":{"start":{"line":52,"column":13},"end":{"line":229,"column":2}},"5":{"start":{"line":54,"column":19},"end":{"line":218,"column":6}},"6":{"start":{"line":61,"column":92},"end":{"line":100,"column":null}},"7":{"start":{"line":62,"column":22},"end":{"line":62,"column":27}},"8":{"start":{"line":63,"column":21},"end":{"line":63,"column":59}},"9":{"start":{"line":63,"column":43},"end":{"line":63,"column":58}},"10":{"start":{"line":65,"column":8},"end":{"line":67,"column":9}},"11":{"start":{"line":66,"column":10},"end":{"line":66,"column":23}},"12":{"start":{"line":70,"column":8},"end":{"line":72,"column":9}},"13":{"start":{"line":71,"column":10},"end":{"line":71,"column":75}},"14":{"start":{"line":75,"column":8},"end":{"line":77,"column":9}},"15":{"start":{"line":76,"column":10},"end":{"line":76,"column":23}},"16":{"start":{"line":80,"column":8},"end":{"line":82,"column":9}},"17":{"start":{"line":81,"column":10},"end":{"line":81,"column":73}},"18":{"start":{"line":85,"column":36},"end":{"line":91,"column":10}},"19":{"start":{"line":93,"column":8},"end":{"line":97,"column":12}},"20":{"start":{"line":93,"column":22},"end":{"line":97,"column":10}},"21":{"start":{"line":95,"column":51},"end":{"line":95,"column":78}},"22":{"start":{"line":99,"column":8},"end":{"line":99,"column":20}},"23":{"start":{"line":103,"column":22},"end":{"line":103,"column":27}},"24":{"start":{"line":104,"column":8},"end":{"line":114,"column":9}},"25":{"start":{"line":105,"column":10},"end":{"line":113,"column":14}},"26":{"start":{"line":105,"column":28},"end":{"line":113,"column":12}},"27":{"start":{"line":109,"column":14},"end":{"line":111,"column":null}},"28":{"start":{"line":118,"column":22},"end":{"line":118,"column":27}},"29":{"start":{"line":119,"column":8},"end":{"line":127,"column":9}},"30":{"start":{"line":120,"column":10},"end":{"line":126,"column":14}},"31":{"start":{"line":120,"column":28},"end":{"line":126,"column":12}},"32":{"start":{"line":122,"column":14},"end":{"line":124,"column":null}},"33":{"start":{"line":131,"column":22},"end":{"line":131,"column":27}},"34":{"start":{"line":132,"column":8},"end":{"line":132,"column":41}},"35":{"start":{"line":132,"column":32},"end":{"line":132,"column":41}},"36":{"start":{"line":134,"column":24},"end":{"line":135,"column":null}},"37":{"start":{"line":135,"column":15},"end":{"line":135,"column":null}},"38":{"start":{"line":138,"column":8},"end":{"line":138,"column":31}},"39":{"start":{"line":138,"column":22},"end":{"line":138,"column":31}},"40":{"start":{"line":140,"column":27},"end":{"line":140,"column":47}},"41":{"start":{"line":141,"column":8},"end":{"line":143,"column":9}},"42":{"start":{"line":142,"column":10},"end":{"line":142,"column":48}},"43":{"start":{"line":145,"column":20},"end":{"line":145,"column":30}},"44":{"start":{"line":146,"column":25},"end":{"line":146,"column":63}},"45":{"start":{"line":147,"column":41},"end":{"line":147,"column":68}},"46":{"start":{"line":148,"column":28},"end":{"line":148,"column":91}},"47":{"start":{"line":150,"column":8},"end":{"line":150,"column":27}},"48":{"start":{"line":154,"column":22},"end":{"line":154,"column":27}},"49":{"start":{"line":155,"column":20},"end":{"line":155,"column":30}},"50":{"start":{"line":157,"column":31},"end":{"line":157,"column":54}},"51":{"start":{"line":159,"column":8},"end":{"line":178,"column":11}},"52":{"start":{"line":160,"column":10},"end":{"line":177,"column":11}},"53":{"start":{"line":161,"column":31},"end":{"line":161,"column":51}},"54":{"start":{"line":163,"column":12},"end":{"line":165,"column":13}},"55":{"start":{"line":164,"column":14},"end":{"line":164,"column":52}},"56":{"start":{"line":167,"column":29},"end":{"line":167,"column":67}},"57":{"start":{"line":168,"column":45},"end":{"line":168,"column":72}},"58":{"start":{"line":170,"column":12},"end":{"line":170,"column":null}},"59":{"start":{"line":171,"column":12},"end":{"line":176,"column":13}},"60":{"start":{"line":172,"column":14},"end":{"line":175,"column":15}},"61":{"start":{"line":173,"column":16},"end":{"line":173,"column":31}},"62":{"start":{"line":174,"column":16},"end":{"line":174,"column":56}},"63":{"start":{"line":182,"column":22},"end":{"line":182,"column":27}},"64":{"start":{"line":183,"column":8},"end":{"line":187,"column":10}},"65":{"start":{"line":184,"column":10},"end":{"line":186,"column":20}},"66":{"start":{"line":192,"column":8},"end":{"line":192,"column":23}},"67":{"start":{"line":196,"column":21},"end":{"line":198,"column":null}},"68":{"start":{"line":200,"column":8},"end":{"line":202,"column":12}},"69":{"start":{"line":200,"column":22},"end":{"line":202,"column":10}},"70":{"start":{"line":206,"column":8},"end":{"line":210,"column":12}},"71":{"start":{"line":206,"column":22},"end":{"line":210,"column":10}},"72":{"start":{"line":208,"column":12},"end":{"line":208,"column":59}},"73":{"start":{"line":214,"column":8},"end":{"line":216,"column":12}},"74":{"start":{"line":214,"column":22},"end":{"line":216,"column":10}},"75":{"start":{"line":215,"column":44},"end":{"line":215,"column":58}},"76":{"start":{"line":221,"column":30},"end":{"line":226,"column":8}}},"fnMap":{"0":{"name":"(anonymous_7)","decl":{"start":{"line":54,"column":4},"end":{"line":54,"column":5}},"loc":{"start":{"line":54,"column":19},"end":{"line":218,"column":6}}},"1":{"name":"(anonymous_8)","decl":{"start":{"line":61,"column":13},"end":{"line":61,"column":20}},"loc":{"start":{"line":61,"column":92},"end":{"line":100,"column":null}}},"2":{"name":"(anonymous_9)","decl":{"start":{"line":61,"column":92},"end":{"line":61,"column":null}},"loc":{"start":{"line":61,"column":92},"end":{"line":100,"column":7}}},"3":{"name":"(anonymous_10)","decl":{"start":{"line":63,"column":38},"end":{"line":63,"column":39}},"loc":{"start":{"line":63,"column":43},"end":{"line":63,"column":58}}},"4":{"name":"(anonymous_11)","decl":{"start":{"line":93,"column":12},"end":{"line":93,"column":17}},"loc":{"start":{"line":93,"column":22},"end":{"line":97,"column":10}}},"5":{"name":"(anonymous_12)","decl":{"start":{"line":95,"column":46},"end":{"line":95,"column":47}},"loc":{"start":{"line":95,"column":51},"end":{"line":95,"column":78}}},"6":{"name":"(anonymous_13)","decl":{"start":{"line":102,"column":14},"end":{"line":102,"column":17}},"loc":{"start":{"line":102,"column":19},"end":{"line":115,"column":7}}},"7":{"name":"(anonymous_14)","decl":{"start":{"line":105,"column":14},"end":{"line":105,"column":23}},"loc":{"start":{"line":105,"column":28},"end":{"line":113,"column":12}}},"8":{"name":"(anonymous_15)","decl":{"start":{"line":108,"column":45},"end":{"line":108,"column":46}},"loc":{"start":{"line":108,"column":49},"end":{"line":111,"column":null}}},"9":{"name":"(anonymous_16)","decl":{"start":{"line":117,"column":26},"end":{"line":117,"column":29}},"loc":{"start":{"line":117,"column":31},"end":{"line":128,"column":7}}},"10":{"name":"(anonymous_17)","decl":{"start":{"line":120,"column":14},"end":{"line":120,"column":23}},"loc":{"start":{"line":120,"column":28},"end":{"line":126,"column":12}}},"11":{"name":"(anonymous_18)","decl":{"start":{"line":121,"column":45},"end":{"line":121,"column":46}},"loc":{"start":{"line":121,"column":49},"end":{"line":124,"column":null}}},"12":{"name":"(anonymous_19)","decl":{"start":{"line":130,"column":23},"end":{"line":130,"column":26}},"loc":{"start":{"line":130,"column":28},"end":{"line":151,"column":7}}},"13":{"name":"(anonymous_20)","decl":{"start":{"line":135,"column":10},"end":{"line":135,"column":11}},"loc":{"start":{"line":135,"column":14},"end":{"line":135,"column":null}}},"14":{"name":"(anonymous_21)","decl":{"start":{"line":153,"column":27},"end":{"line":153,"column":30}},"loc":{"start":{"line":153,"column":32},"end":{"line":179,"column":7}}},"15":{"name":"(anonymous_22)","decl":{"start":{"line":159,"column":31},"end":{"line":159,"column":38}},"loc":{"start":{"line":159,"column":41},"end":{"line":178,"column":9}}},"16":{"name":"(anonymous_23)","decl":{"start":{"line":181,"column":35},"end":{"line":181,"column":36}},"loc":{"start":{"line":181,"column":90},"end":{"line":188,"column":7}}},"17":{"name":"(anonymous_24)","decl":{"start":{"line":183,"column":35},"end":{"line":183,"column":36}},"loc":{"start":{"line":184,"column":10},"end":{"line":186,"column":20}}},"18":{"name":"(anonymous_25)","decl":{"start":{"line":191,"column":19},"end":{"line":191,"column":20}},"loc":{"start":{"line":191,"column":37},"end":{"line":193,"column":7}}},"19":{"name":"(anonymous_26)","decl":{"start":{"line":195,"column":15},"end":{"line":195,"column":16}},"loc":{"start":{"line":195,"column":28},"end":{"line":203,"column":7}}},"20":{"name":"(anonymous_27)","decl":{"start":{"line":200,"column":12},"end":{"line":200,"column":17}},"loc":{"start":{"line":200,"column":22},"end":{"line":202,"column":10}}},"21":{"name":"(anonymous_28)","decl":{"start":{"line":205,"column":18},"end":{"line":205,"column":19}},"loc":{"start":{"line":205,"column":57},"end":{"line":211,"column":7}}},"22":{"name":"(anonymous_29)","decl":{"start":{"line":206,"column":12},"end":{"line":206,"column":17}},"loc":{"start":{"line":206,"column":22},"end":{"line":210,"column":10}}},"23":{"name":"(anonymous_30)","decl":{"start":{"line":207,"column":33},"end":{"line":207,"column":37}},"loc":{"start":{"line":208,"column":12},"end":{"line":208,"column":59}}},"24":{"name":"(anonymous_31)","decl":{"start":{"line":213,"column":18},"end":{"line":213,"column":19}},"loc":{"start":{"line":213,"column":33},"end":{"line":217,"column":7}}},"25":{"name":"(anonymous_32)","decl":{"start":{"line":214,"column":12},"end":{"line":214,"column":17}},"loc":{"start":{"line":214,"column":22},"end":{"line":216,"column":10}}},"26":{"name":"(anonymous_33)","decl":{"start":{"line":215,"column":36},"end":{"line":215,"column":40}},"loc":{"start":{"line":215,"column":44},"end":{"line":215,"column":58}}},"27":{"name":"(anonymous_34)","decl":{"start":{"line":221,"column":18},"end":{"line":221,"column":19}},"loc":{"start":{"line":221,"column":30},"end":{"line":226,"column":8}}}},"branchMap":{"0":{"loc":{"start":{"line":65,"column":8},"end":{"line":67,"column":9}},"type":"if","locations":[{"start":{"line":65,"column":8},"end":{"line":67,"column":9}},{"start":{},"end":{}}]},"1":{"loc":{"start":{"line":70,"column":8},"end":{"line":72,"column":9}},"type":"if","locations":[{"start":{"line":70,"column":8},"end":{"line":72,"column":9}},{"start":{},"end":{}}]},"2":{"loc":{"start":{"line":75,"column":8},"end":{"line":77,"column":9}},"type":"if","locations":[{"start":{"line":75,"column":8},"end":{"line":77,"column":9}},{"start":{},"end":{}}]},"3":{"loc":{"start":{"line":80,"column":8},"end":{"line":82,"column":9}},"type":"if","locations":[{"start":{"line":80,"column":8},"end":{"line":82,"column":9}},{"start":{},"end":{}}]},"4":{"loc":{"start":{"line":104,"column":8},"end":{"line":114,"column":9}},"type":"if","locations":[{"start":{"line":104,"column":8},"end":{"line":114,"column":9}},{"start":{},"end":{}}]},"5":{"loc":{"start":{"line":104,"column":12},"end":{"line":104,"column":41}},"type":"cond-expr","locations":[{"start":{"line":104,"column":29},"end":{"line":104,"column":31}},{"start":{"line":104,"column":29},"end":{"line":104,"column":41}}]},"6":{"loc":{"start":{"line":104,"column":12},"end":{"line":104,"column":31}},"type":"binary-expr","locations":[{"start":{"line":104,"column":12},"end":{"line":104,"column":31}},{"start":{"line":104,"column":29},"end":{"line":104,"column":31}}]},"7":{"loc":{"start":{"line":109,"column":14},"end":{"line":111,"column":19}},"type":"cond-expr","locations":[{"start":{"line":110,"column":17},"end":{"line":110,"column":null}},{"start":{"line":111,"column":18},"end":{"line":111,"column":19}}]},"8":{"loc":{"start":{"line":109,"column":31},"end":{"line":109,"column":60}},"type":"cond-expr","locations":[{"start":{"line":109,"column":48},"end":{"line":109,"column":50}},{"start":{"line":109,"column":48},"end":{"line":109,"column":60}}]},"9":{"loc":{"start":{"line":109,"column":31},"end":{"line":109,"column":50}},"type":"binary-expr","locations":[{"start":{"line":109,"column":31},"end":{"line":109,"column":50}},{"start":{"line":109,"column":48},"end":{"line":109,"column":50}}]},"10":{"loc":{"start":{"line":119,"column":8},"end":{"line":127,"column":9}},"type":"if","locations":[{"start":{"line":119,"column":8},"end":{"line":127,"column":9}},{"start":{},"end":{}}]},"11":{"loc":{"start":{"line":119,"column":12},"end":{"line":119,"column":41}},"type":"cond-expr","locations":[{"start":{"line":119,"column":29},"end":{"line":119,"column":31}},{"start":{"line":119,"column":29},"end":{"line":119,"column":41}}]},"12":{"loc":{"start":{"line":119,"column":12},"end":{"line":119,"column":31}},"type":"binary-expr","locations":[{"start":{"line":119,"column":12},"end":{"line":119,"column":31}},{"start":{"line":119,"column":29},"end":{"line":119,"column":31}}]},"13":{"loc":{"start":{"line":122,"column":14},"end":{"line":124,"column":19}},"type":"cond-expr","locations":[{"start":{"line":123,"column":17},"end":{"line":123,"column":null}},{"start":{"line":124,"column":18},"end":{"line":124,"column":19}}]},"14":{"loc":{"start":{"line":122,"column":31},"end":{"line":122,"column":60}},"type":"cond-expr","locations":[{"start":{"line":122,"column":48},"end":{"line":122,"column":50}},{"start":{"line":122,"column":48},"end":{"line":122,"column":60}}]},"15":{"loc":{"start":{"line":122,"column":31},"end":{"line":122,"column":50}},"type":"binary-expr","locations":[{"start":{"line":122,"column":31},"end":{"line":122,"column":50}},{"start":{"line":122,"column":48},"end":{"line":122,"column":50}}]},"16":{"loc":{"start":{"line":132,"column":8},"end":{"line":132,"column":41}},"type":"if","locations":[{"start":{"line":132,"column":8},"end":{"line":132,"column":41}},{"start":{},"end":{}}]},"17":{"loc":{"start":{"line":135,"column":15},"end":{"line":135,"column":75}},"type":"binary-expr","locations":[{"start":{"line":135,"column":15},"end":{"line":135,"column":65}},{"start":{"line":135,"column":65},"end":{"line":135,"column":75}}]},"18":{"loc":{"start":{"line":135,"column":32},"end":{"line":135,"column":61}},"type":"cond-expr","locations":[{"start":{"line":135,"column":49},"end":{"line":135,"column":51}},{"start":{"line":135,"column":49},"end":{"line":135,"column":61}}]},"19":{"loc":{"start":{"line":135,"column":32},"end":{"line":135,"column":51}},"type":"binary-expr","locations":[{"start":{"line":135,"column":32},"end":{"line":135,"column":51}},{"start":{"line":135,"column":49},"end":{"line":135,"column":51}}]},"20":{"loc":{"start":{"line":138,"column":8},"end":{"line":138,"column":31}},"type":"if","locations":[{"start":{"line":138,"column":8},"end":{"line":138,"column":31}},{"start":{},"end":{}}]},"21":{"loc":{"start":{"line":141,"column":8},"end":{"line":143,"column":9}},"type":"if","locations":[{"start":{"line":141,"column":8},"end":{"line":143,"column":9}},{"start":{},"end":{}}]},"22":{"loc":{"start":{"line":160,"column":10},"end":{"line":177,"column":11}},"type":"if","locations":[{"start":{"line":160,"column":10},"end":{"line":177,"column":11}},{"start":{},"end":{}}]},"23":{"loc":{"start":{"line":163,"column":12},"end":{"line":165,"column":13}},"type":"if","locations":[{"start":{"line":163,"column":12},"end":{"line":165,"column":13}},{"start":{},"end":{}}]},"24":{"loc":{"start":{"line":171,"column":12},"end":{"line":176,"column":13}},"type":"if","locations":[{"start":{"line":171,"column":12},"end":{"line":176,"column":13}},{"start":{},"end":{}}]},"25":{"loc":{"start":{"line":172,"column":14},"end":{"line":175,"column":15}},"type":"if","locations":[{"start":{"line":172,"column":14},"end":{"line":175,"column":15}},{"start":{},"end":{}}]},"26":{"loc":{"start":{"line":172,"column":18},"end":{"line":172,"column":47}},"type":"cond-expr","locations":[{"start":{"line":172,"column":35},"end":{"line":172,"column":37}},{"start":{"line":172,"column":35},"end":{"line":172,"column":47}}]},"27":{"loc":{"start":{"line":172,"column":18},"end":{"line":172,"column":37}},"type":"binary-expr","locations":[{"start":{"line":172,"column":18},"end":{"line":172,"column":37}},{"start":{"line":172,"column":35},"end":{"line":172,"column":37}}]},"28":{"loc":{"start":{"line":184,"column":10},"end":{"line":186,"column":20}},"type":"binary-expr","locations":[{"start":{"line":184,"column":10},"end":{"line":184,"column":33}},{"start":{"line":185,"column":10},"end":{"line":185,"column":44}},{"start":{"line":186,"column":10},"end":{"line":186,"column":20}}]},"29":{"loc":{"start":{"line":208,"column":12},"end":{"line":208,"column":59}},"type":"cond-expr","locations":[{"start":{"line":208,"column":28},"end":{"line":208,"column":53}},{"start":{"line":208,"column":55},"end":{"line":208,"column":59}}]}},"s":{"0":6,"1":6,"2":6,"3":6,"4":6,"5":6,"6":27,"7":27,"8":27,"9":35,"10":27,"11":0,"12":27,"13":6,"14":21,"15":2,"16":19,"17":0,"18":19,"19":19,"20":19,"21":10,"22":19,"23":9,"24":9,"25":9,"26":9,"27":9,"28":0,"29":0,"30":0,"31":0,"32":0,"33":0,"34":0,"35":0,"36":0,"37":0,"38":0,"39":0,"40":0,"41":0,"42":0,"43":0,"44":0,"45":0,"46":0,"47":0,"48":1,"49":1,"50":1,"51":1,"52":1,"53":1,"54":1,"55":0,"56":1,"57":1,"58":1,"59":1,"60":1,"61":1,"62":1,"63":19,"64":19,"65":10,"66":0,"67":0,"68":0,"69":0,"70":0,"71":0,"72":0,"73":0,"74":0,"75":0,"76":0},"f":{"0":6,"1":27,"2":27,"3":35,"4":19,"5":10,"6":9,"7":9,"8":9,"9":0,"10":0,"11":0,"12":0,"13":0,"14":1,"15":1,"16":19,"17":10,"18":0,"19":0,"20":0,"21":0,"22":0,"23":0,"24":0,"25":0,"26":0,"27":0},"b":{"0":[0,27],"1":[6,21],"2":[2,19],"3":[0,19],"4":[9,0],"5":[0,9],"6":[9,9],"7":[9,0],"8":[0,9],"9":[9,9],"10":[0,0],"11":[0,0],"12":[0,0],"13":[0,0],"14":[0,0],"15":[0,0],"16":[0,0],"17":[0,0],"18":[0,0],"19":[0,0],"20":[0,0],"21":[0,0],"22":[1,0],"23":[0,1],"24":[1,0],"25":[1,0],"26":[0,1],"27":[1,1],"28":[10,2,0],"29":[0,0]}}
,"D:\\Cursos Por Aprender Udemy\\React\\gestion de ventas\\gestion-de-ventas\\src\\stores\\cartStore.ts": {"path":"D:\\Cursos Por Aprender Udemy\\React\\gestion de ventas\\gestion-de-ventas\\src\\stores\\cartStore.ts","statementMap":{"0":{"start":{"line":1,"column":0},"end":{"line":1,"column":33}},"1":{"start":{"line":2,"column":0},"end":{"line":2,"column":45}},"2":{"start":{"line":22,"column":13},"end":{"line":292,"column":2}},"3":{"start":{"line":24,"column":19},"end":{"line":287,"column":6}},"4":{"start":{"line":30,"column":22},"end":{"line":30,"column":27}},"5":{"start":{"line":33,"column":8},"end":{"line":40,"column":9}},"6":{"start":{"line":34,"column":10},"end":{"line":39,"column":14}},"7":{"start":{"line":34,"column":30},"end":{"line":39,"column":12}},"8":{"start":{"line":43,"column":25},"end":{"line":43,"column":54}},"9":{"start":{"line":44,"column":8},"end":{"line":47,"column":11}},"10":{"start":{"line":51,"column":22},"end":{"line":51,"column":27}},"11":{"start":{"line":52,"column":8},"end":{"line":52,"column":41}},"12":{"start":{"line":52,"column":34},"end":{"line":52,"column":41}},"13":{"start":{"line":54,"column":29},"end":{"line":55,"column":null}},"14":{"start":{"line":55,"column":20},"end":{"line":55,"column":50}},"15":{"start":{"line":58,"column":8},"end":{"line":93,"column":9}},"16":{"start":{"line":59,"column":30},"end":{"line":59,"column":62}},"17":{"start":{"line":60,"column":10},"end":{"line":63,"column":11}},"18":{"start":{"line":61,"column":12},"end":{"line":61,"column":70}},"19":{"start":{"line":62,"column":12},"end":{"line":62,"column":19}},"20":{"start":{"line":65,"column":10},"end":{"line":75,"column":13}},"21":{"start":{"line":67,"column":14},"end":{"line":73,"column":22}},"22":{"start":{"line":77,"column":10},"end":{"line":80,"column":11}},"23":{"start":{"line":78,"column":12},"end":{"line":78,"column":70}},"24":{"start":{"line":79,"column":12},"end":{"line":79,"column":19}},"25":{"start":{"line":82,"column":36},"end":{"line":88,"column":12}},"26":{"start":{"line":90,"column":10},"end":{"line":92,"column":13}},"27":{"start":{"line":96,"column":8},"end":{"line":98,"column":11}},"28":{"start":{"line":97,"column":10},"end":{"line":97,"column":30}},"29":{"start":{"line":102,"column":8},"end":{"line":105,"column":9}},"30":{"start":{"line":103,"column":10},"end":{"line":103,"column":38}},"31":{"start":{"line":104,"column":10},"end":{"line":104,"column":17}},"32":{"start":{"line":107,"column":22},"end":{"line":107,"column":27}},"33":{"start":{"line":108,"column":21},"end":{"line":108,"column":72}},"34":{"start":{"line":108,"column":45},"end":{"line":108,"column":71}},"35":{"start":{"line":109,"column":8},"end":{"line":112,"column":9}},"36":{"start":{"line":110,"column":10},"end":{"line":110,"column":73}},"37":{"start":{"line":111,"column":10},"end":{"line":111,"column":17}},"38":{"start":{"line":114,"column":8},"end":{"line":124,"column":11}},"39":{"start":{"line":116,"column":12},"end":{"line":122,"column":20}},"40":{"start":{"line":126,"column":8},"end":{"line":128,"column":11}},"41":{"start":{"line":127,"column":10},"end":{"line":127,"column":30}},"42":{"start":{"line":132,"column":22},"end":{"line":132,"column":27}},"43":{"start":{"line":133,"column":8},"end":{"line":135,"column":11}},"44":{"start":{"line":134,"column":46},"end":{"line":134,"column":75}},"45":{"start":{"line":137,"column":8},"end":{"line":139,"column":11}},"46":{"start":{"line":138,"column":10},"end":{"line":138,"column":30}},"47":{"start":{"line":143,"column":22},"end":{"line":143,"column":27}},"48":{"start":{"line":144,"column":8},"end":{"line":154,"column":9}},"49":{"start":{"line":145,"column":10},"end":{"line":151,"column":14}},"50":{"start":{"line":145,"column":30},"end":{"line":151,"column":12}},"51":{"start":{"line":153,"column":10},"end":{"line":153,"column":29}},"52":{"start":{"line":158,"column":22},"end":{"line":158,"column":27}},"53":{"start":{"line":159,"column":8},"end":{"line":162,"column":10}},"54":{"start":{"line":160,"column":25},"end":{"line":160,"column":61}},"55":{"start":{"line":166,"column":22},"end":{"line":166,"column":27}},"56":{"start":{"line":167,"column":8},"end":{"line":167,"column":73}},"57":{"start":{"line":167,"column":49},"end":{"line":167,"column":68}},"58":{"start":{"line":172,"column":10},"end":{"line":172,"column":57}},"59":{"start":{"line":173,"column":8},"end":{"line":173,"column":44}},"60":{"start":{"line":177,"column":25},"end":{"line":177,"column":44}},"61":{"start":{"line":178,"column":25},"end":{"line":178,"column":50}},"62":{"start":{"line":179,"column":20},"end":{"line":179,"column":40}},"63":{"start":{"line":180,"column":8},"end":{"line":180,"column":41}},"64":{"start":{"line":184,"column":22},"end":{"line":184,"column":38}},"65":{"start":{"line":185,"column":8},"end":{"line":185,"column":43}},"66":{"start":{"line":189,"column":22},"end":{"line":189,"column":27}},"67":{"start":{"line":192,"column":8},"end":{"line":285,"column":11}},"68":{"start":{"line":192,"column":8},"end":{"line":192,"column":31}},"69":{"start":{"line":193,"column":25},"end":{"line":193,"column":67}},"70":{"start":{"line":196,"column":40},"end":{"line":200,"column":13}},"71":{"start":{"line":196,"column":66},"end":{"line":199,"column":null}},"72":{"start":{"line":202,"column":31},"end":{"line":202,"column":57}},"73":{"start":{"line":205,"column":10},"end":{"line":281,"column":13}},"74":{"start":{"line":206,"column":12},"end":{"line":280,"column":13}},"75":{"start":{"line":208,"column":14},"end":{"line":230,"column":17}},"76":{"start":{"line":209,"column":34},"end":{"line":210,"column":null}},"77":{"start":{"line":210,"column":25},"end":{"line":210,"column":51}},"78":{"start":{"line":212,"column":16},"end":{"line":229,"column":17}},"79":{"start":{"line":213,"column":31},"end":{"line":213,"column":54}},"80":{"start":{"line":214,"column":18},"end":{"line":228,"column":19}},"81":{"start":{"line":215,"column":40},"end":{"line":216,"column":null}},"82":{"start":{"line":219,"column":22},"end":{"line":220,"column":68}},"83":{"start":{"line":221,"column":37},"end":{"line":221,"column":63}},"84":{"start":{"line":223,"column":20},"end":{"line":227,"column":22}},"85":{"start":{"line":231,"column":19},"end":{"line":280,"column":13}},"86":{"start":{"line":233,"column":14},"end":{"line":279,"column":17}},"87":{"start":{"line":234,"column":29},"end":{"line":235,"column":null}},"88":{"start":{"line":235,"column":25},"end":{"line":235,"column":51}},"89":{"start":{"line":237,"column":16},"end":{"line":278,"column":17}},"90":{"start":{"line":238,"column":38},"end":{"line":239,"column":null}},"91":{"start":{"line":241,"column":39},"end":{"line":241,"column":78}},"92":{"start":{"line":244,"column":40},"end":{"line":245,"column":null}},"93":{"start":{"line":245,"column":27},"end":{"line":245,"column":63}},"94":{"start":{"line":247,"column":18},"end":{"line":277,"column":19}},"95":{"start":{"line":248,"column":37},"end":{"line":248,"column":64}},"96":{"start":{"line":250,"column":22},"end":{"line":251,"column":40}},"97":{"start":{"line":253,"column":20},"end":{"line":258,"column":22}},"98":{"start":{"line":261,"column":20},"end":{"line":276,"column":23}},"99":{"start":{"line":261,"column":20},"end":{"line":261,"column":45}},"100":{"start":{"line":262,"column":42},"end":{"line":264,"column":75}},"101":{"start":{"line":264,"column":46},"end":{"line":264,"column":74}},"102":{"start":{"line":265,"column":22},"end":{"line":275,"column":23}},"103":{"start":{"line":266,"column":55},"end":{"line":272,"column":26}},"104":{"start":{"line":274,"column":24},"end":{"line":274,"column":56}},"105":{"start":{"line":284,"column":10},"end":{"line":284,"column":39}}},"fnMap":{"0":{"name":"(anonymous_0)","decl":{"start":{"line":24,"column":4},"end":{"line":24,"column":5}},"loc":{"start":{"line":24,"column":19},"end":{"line":287,"column":6}}},"1":{"name":"(anonymous_1)","decl":{"start":{"line":29,"column":22},"end":{"line":29,"column":23}},"loc":{"start":{"line":29,"column":41},"end":{"line":48,"column":7}}},"2":{"name":"(anonymous_2)","decl":{"start":{"line":34,"column":14},"end":{"line":34,"column":15}},"loc":{"start":{"line":34,"column":30},"end":{"line":39,"column":12}}},"3":{"name":"(anonymous_3)","decl":{"start":{"line":50,"column":15},"end":{"line":50,"column":16}},"loc":{"start":{"line":50,"column":41},"end":{"line":99,"column":7}}},"4":{"name":"(anonymous_4)","decl":{"start":{"line":55,"column":10},"end":{"line":55,"column":11}},"loc":{"start":{"line":55,"column":20},"end":{"line":55,"column":50}}},"5":{"name":"(anonymous_5)","decl":{"start":{"line":66,"column":35},"end":{"line":66,"column":36}},"loc":{"start":{"line":67,"column":14},"end":{"line":73,"column":22}}},"6":{"name":"(anonymous_6)","decl":{"start":{"line":96,"column":30},"end":{"line":96,"column":33}},"loc":{"start":{"line":96,"column":35},"end":{"line":98,"column":9}}},"7":{"name":"(anonymous_7)","decl":{"start":{"line":101,"column":22},"end":{"line":101,"column":23}},"loc":{"start":{"line":101,"column":46},"end":{"line":129,"column":7}}},"8":{"name":"(anonymous_8)","decl":{"start":{"line":108,"column":38},"end":{"line":108,"column":39}},"loc":{"start":{"line":108,"column":45},"end":{"line":108,"column":71}}},"9":{"name":"(anonymous_9)","decl":{"start":{"line":115,"column":33},"end":{"line":115,"column":34}},"loc":{"start":{"line":116,"column":12},"end":{"line":122,"column":20}}},"10":{"name":"(anonymous_10)","decl":{"start":{"line":126,"column":30},"end":{"line":126,"column":33}},"loc":{"start":{"line":126,"column":35},"end":{"line":128,"column":9}}},"11":{"name":"(anonymous_11)","decl":{"start":{"line":131,"column":18},"end":{"line":131,"column":19}},"loc":{"start":{"line":131,"column":32},"end":{"line":140,"column":7}}},"12":{"name":"(anonymous_12)","decl":{"start":{"line":134,"column":36},"end":{"line":134,"column":37}},"loc":{"start":{"line":134,"column":46},"end":{"line":134,"column":75}}},"13":{"name":"(anonymous_13)","decl":{"start":{"line":137,"column":30},"end":{"line":137,"column":33}},"loc":{"start":{"line":137,"column":35},"end":{"line":139,"column":9}}},"14":{"name":"(anonymous_14)","decl":{"start":{"line":142,"column":17},"end":{"line":142,"column":20}},"loc":{"start":{"line":142,"column":22},"end":{"line":155,"column":7}}},"15":{"name":"(anonymous_15)","decl":{"start":{"line":145,"column":14},"end":{"line":145,"column":15}},"loc":{"start":{"line":145,"column":30},"end":{"line":151,"column":12}}},"16":{"name":"(anonymous_16)","decl":{"start":{"line":157,"column":19},"end":{"line":157,"column":22}},"loc":{"start":{"line":157,"column":24},"end":{"line":163,"column":7}}},"17":{"name":"(anonymous_17)","decl":{"start":{"line":160,"column":10},"end":{"line":160,"column":11}},"loc":{"start":{"line":160,"column":25},"end":{"line":160,"column":61}}},"18":{"name":"(anonymous_18)","decl":{"start":{"line":165,"column":25},"end":{"line":165,"column":28}},"loc":{"start":{"line":165,"column":30},"end":{"line":168,"column":7}}},"19":{"name":"(anonymous_19)","decl":{"start":{"line":167,"column":34},"end":{"line":167,"column":35}},"loc":{"start":{"line":167,"column":49},"end":{"line":167,"column":68}}},"20":{"name":"(anonymous_20)","decl":{"start":{"line":170,"column":20},"end":{"line":170,"column":23}},"loc":{"start":{"line":170,"column":25},"end":{"line":174,"column":7}}},"21":{"name":"(anonymous_21)","decl":{"start":{"line":176,"column":16},"end":{"line":176,"column":19}},"loc":{"start":{"line":176,"column":21},"end":{"line":181,"column":7}}},"22":{"name":"(anonymous_22)","decl":{"start":{"line":183,"column":23},"end":{"line":183,"column":26}},"loc":{"start":{"line":183,"column":28},"end":{"line":186,"column":7}}},"23":{"name":"(anonymous_23)","decl":{"start":{"line":188,"column":19},"end":{"line":188,"column":22}},"loc":{"start":{"line":188,"column":24},"end":{"line":286,"column":7}}},"24":{"name":"(anonymous_24)","decl":{"start":{"line":192,"column":8},"end":{"line":192,"column":15}},"loc":{"start":{"line":192,"column":8},"end":{"line":192,"column":31}}},"25":{"name":"(anonymous_25)","decl":{"start":{"line":192,"column":36},"end":{"line":192,"column":37}},"loc":{"start":{"line":192,"column":58},"end":{"line":285,"column":9}}},"26":{"name":"(anonymous_26)","decl":{"start":{"line":196,"column":56},"end":{"line":196,"column":57}},"loc":{"start":{"line":196,"column":66},"end":{"line":199,"column":null}}},"27":{"name":"(anonymous_27)","decl":{"start":{"line":205,"column":25},"end":{"line":205,"column":26}},"loc":{"start":{"line":205,"column":35},"end":{"line":281,"column":11}}},"28":{"name":"(anonymous_28)","decl":{"start":{"line":208,"column":39},"end":{"line":208,"column":40}},"loc":{"start":{"line":208,"column":53},"end":{"line":230,"column":15}}},"29":{"name":"(anonymous_29)","decl":{"start":{"line":210,"column":18},"end":{"line":210,"column":19}},"loc":{"start":{"line":210,"column":25},"end":{"line":210,"column":51}}},"30":{"name":"(anonymous_30)","decl":{"start":{"line":233,"column":39},"end":{"line":233,"column":40}},"loc":{"start":{"line":233,"column":53},"end":{"line":279,"column":15}}},"31":{"name":"(anonymous_31)","decl":{"start":{"line":235,"column":18},"end":{"line":235,"column":19}},"loc":{"start":{"line":235,"column":25},"end":{"line":235,"column":51}}},"32":{"name":"(anonymous_32)","decl":{"start":{"line":245,"column":20},"end":{"line":245,"column":21}},"loc":{"start":{"line":245,"column":27},"end":{"line":245,"column":63}}},"33":{"name":"(anonymous_33)","decl":{"start":{"line":261,"column":20},"end":{"line":261,"column":27}},"loc":{"start":{"line":261,"column":20},"end":{"line":261,"column":45}}},"34":{"name":"(anonymous_34)","decl":{"start":{"line":261,"column":50},"end":{"line":261,"column":51}},"loc":{"start":{"line":261,"column":74},"end":{"line":276,"column":21}}},"35":{"name":"(anonymous_35)","decl":{"start":{"line":264,"column":39},"end":{"line":264,"column":40}},"loc":{"start":{"line":264,"column":46},"end":{"line":264,"column":74}}}},"branchMap":{"0":{"loc":{"start":{"line":33,"column":8},"end":{"line":40,"column":9}},"type":"if","locations":[{"start":{"line":33,"column":8},"end":{"line":40,"column":9}},{"start":{},"end":{}}]},"1":{"loc":{"start":{"line":33,"column":12},"end":{"line":33,"column":57}},"type":"binary-expr","locations":[{"start":{"line":33,"column":12},"end":{"line":33,"column":31}},{"start":{"line":33,"column":35},"end":{"line":33,"column":57}}]},"2":{"loc":{"start":{"line":43,"column":25},"end":{"line":43,"column":54}},"type":"binary-expr","locations":[{"start":{"line":43,"column":25},"end":{"line":43,"column":48}},{"start":{"line":43,"column":52},"end":{"line":43,"column":54}}]},"3":{"loc":{"start":{"line":50,"column":25},"end":{"line":50,"column":37}},"type":"default-arg","locations":[{"start":{"line":50,"column":36},"end":{"line":50,"column":37}}]},"4":{"loc":{"start":{"line":52,"column":8},"end":{"line":52,"column":41}},"type":"if","locations":[{"start":{"line":52,"column":8},"end":{"line":52,"column":41}},{"start":{},"end":{}}]},"5":{"loc":{"start":{"line":58,"column":8},"end":{"line":93,"column":9}},"type":"if","locations":[{"start":{"line":58,"column":8},"end":{"line":93,"column":9}},{"start":{"line":76,"column":15},"end":{"line":93,"column":9}}]},"6":{"loc":{"start":{"line":60,"column":10},"end":{"line":63,"column":11}},"type":"if","locations":[{"start":{"line":60,"column":10},"end":{"line":63,"column":11}},{"start":{},"end":{}}]},"7":{"loc":{"start":{"line":67,"column":14},"end":{"line":73,"column":22}},"type":"cond-expr","locations":[{"start":{"line":68,"column":17},"end":{"line":71,"column":null}},{"start":{"line":73,"column":18},"end":{"line":73,"column":22}}]},"8":{"loc":{"start":{"line":77,"column":10},"end":{"line":80,"column":11}},"type":"if","locations":[{"start":{"line":77,"column":10},"end":{"line":80,"column":11}},{"start":{},"end":{}}]},"9":{"loc":{"start":{"line":102,"column":8},"end":{"line":105,"column":9}},"type":"if","locations":[{"start":{"line":102,"column":8},"end":{"line":105,"column":9}},{"start":{},"end":{}}]},"10":{"loc":{"start":{"line":109,"column":8},"end":{"line":112,"column":9}},"type":"if","locations":[{"start":{"line":109,"column":8},"end":{"line":112,"column":9}},{"start":{},"end":{}}]},"11":{"loc":{"start":{"line":109,"column":12},"end":{"line":109,"column":49}},"type":"binary-expr","locations":[{"start":{"line":109,"column":12},"end":{"line":109,"column":16}},{"start":{"line":109,"column":20},"end":{"line":109,"column":49}}]},"12":{"loc":{"start":{"line":116,"column":12},"end":{"line":122,"column":20}},"type":"cond-expr","locations":[{"start":{"line":117,"column":15},"end":{"line":120,"column":null}},{"start":{"line":122,"column":16},"end":{"line":122,"column":20}}]},"13":{"loc":{"start":{"line":144,"column":8},"end":{"line":154,"column":9}},"type":"if","locations":[{"start":{"line":144,"column":8},"end":{"line":154,"column":9}},{"start":{"line":152,"column":15},"end":{"line":154,"column":9}}]},"14":{"loc":{"start":{"line":206,"column":12},"end":{"line":280,"column":13}},"type":"if","locations":[{"start":{"line":206,"column":12},"end":{"line":280,"column":13}},{"start":{"line":231,"column":19},"end":{"line":280,"column":13}}]},"15":{"loc":{"start":{"line":212,"column":16},"end":{"line":229,"column":17}},"type":"if","locations":[{"start":{"line":212,"column":16},"end":{"line":229,"column":17}},{"start":{},"end":{}}]},"16":{"loc":{"start":{"line":214,"column":18},"end":{"line":228,"column":19}},"type":"if","locations":[{"start":{"line":214,"column":18},"end":{"line":228,"column":19}},{"start":{},"end":{}}]},"17":{"loc":{"start":{"line":220,"column":44},"end":{"line":220,"column":66}},"type":"binary-expr","locations":[{"start":{"line":220,"column":44},"end":{"line":220,"column":61}},{"start":{"line":220,"column":65},"end":{"line":220,"column":66}}]},"18":{"loc":{"start":{"line":231,"column":19},"end":{"line":280,"column":13}},"type":"if","locations":[{"start":{"line":231,"column":19},"end":{"line":280,"column":13}},{"start":{},"end":{}}]},"19":{"loc":{"start":{"line":231,"column":23},"end":{"line":231,"column":66}},"type":"binary-expr","locations":[{"start":{"line":231,"column":23},"end":{"line":231,"column":43}},{"start":{"line":231,"column":47},"end":{"line":231,"column":66}}]},"20":{"loc":{"start":{"line":237,"column":16},"end":{"line":278,"column":17}},"type":"if","locations":[{"start":{"line":237,"column":16},"end":{"line":278,"column":17}},{"start":{},"end":{}}]},"21":{"loc":{"start":{"line":237,"column":20},"end":{"line":237,"column":62}},"type":"binary-expr","locations":[{"start":{"line":237,"column":20},"end":{"line":237,"column":24}},{"start":{"line":237,"column":28},"end":{"line":237,"column":62}}]},"22":{"loc":{"start":{"line":241,"column":54},"end":{"line":241,"column":77}},"type":"binary-expr","locations":[{"start":{"line":241,"column":54},"end":{"line":241,"column":72}},{"start":{"line":241,"column":76},"end":{"line":241,"column":77}}]},"23":{"loc":{"start":{"line":247,"column":18},"end":{"line":277,"column":19}},"type":"if","locations":[{"start":{"line":247,"column":18},"end":{"line":277,"column":19}},{"start":{"line":259,"column":25},"end":{"line":277,"column":19}}]},"24":{"loc":{"start":{"line":265,"column":22},"end":{"line":275,"column":23}},"type":"if","locations":[{"start":{"line":265,"column":22},"end":{"line":275,"column":23}},{"start":{},"end":{}}]}},"s":{"0":7,"1":7,"2":7,"3":7,"4":28,"5":28,"6":6,"7":6,"8":28,"9":28,"10":35,"11":35,"12":0,"13":35,"14":8,"15":35,"16":1,"17":1,"18":0,"19":0,"20":1,"21":1,"22":34,"23":2,"24":2,"25":32,"26":32,"27":33,"28":17,"29":5,"30":1,"31":1,"32":4,"33":4,"34":4,"35":4,"36":0,"37":0,"38":4,"39":5,"40":4,"41":2,"42":1,"43":1,"44":1,"45":1,"46":0,"47":4,"48":4,"49":4,"50":4,"51":0,"52":15,"53":15,"54":32,"55":14,"56":14,"57":30,"58":7,"59":7,"60":4,"61":4,"62":4,"63":4,"64":1,"65":1,"66":19,"67":19,"68":19,"69":19,"70":19,"71":25,"72":19,"73":19,"74":155,"75":115,"76":115,"77":143,"78":115,"79":15,"80":15,"81":9,"82":9,"83":9,"84":9,"85":40,"86":40,"87":40,"88":47,"89":40,"90":7,"91":7,"92":7,"93":17,"94":7,"95":2,"96":2,"97":2,"98":5,"99":5,"100":5,"101":100,"102":5,"103":5,"104":5,"105":19},"f":{"0":7,"1":28,"2":6,"3":35,"4":8,"5":1,"6":17,"7":5,"8":4,"9":5,"10":2,"11":1,"12":1,"13":0,"14":4,"15":4,"16":15,"17":32,"18":14,"19":30,"20":7,"21":4,"22":1,"23":19,"24":19,"25":19,"26":25,"27":155,"28":115,"29":143,"30":40,"31":47,"32":17,"33":5,"34":5,"35":100},"b":{"0":[6,22],"1":[28,8],"2":[28,24],"3":[0],"4":[0,35],"5":[1,34],"6":[0,1],"7":[1,0],"8":[2,32],"9":[1,4],"10":[0,4],"11":[4,4],"12":[4,1],"13":[4,0],"14":[115,40],"15":[15,100],"16":[9,6],"17":[9,0],"18":[40,0],"19":[40,40],"20":[7,33],"21":[40,7],"22":[7,0],"23":[2,5],"24":[5,0]}}
,"D:\\Cursos Por Aprender Udemy\\React\\gestion de ventas\\gestion-de-ventas\\src\\stores\\offerStore.ts": {"path":"D:\\Cursos Por Aprender Udemy\\React\\gestion de ventas\\gestion-de-ventas\\src\\stores\\offerStore.ts","statementMap":{"0":{"start":{"line":1,"column":0},"end":{"line":1,"column":33}},"1":{"start":{"line":2,"column":0},"end":{"line":2,"column":45}},"2":{"start":{"line":14,"column":28},"end":{"line":142,"column":2}},"3":{"start":{"line":144,"column":13},"end":{"line":196,"column":2}},"4":{"start":{"line":146,"column":19},"end":{"line":191,"column":6}},"5":{"start":{"line":150,"column":22},"end":{"line":153,"column":null}},"6":{"start":{"line":156,"column":8},"end":{"line":158,"column":12}},"7":{"start":{"line":156,"column":22},"end":{"line":158,"column":10}},"8":{"start":{"line":162,"column":8},"end":{"line":168,"column":12}},"9":{"start":{"line":162,"column":22},"end":{"line":168,"column":10}},"10":{"start":{"line":164,"column":12},"end":{"line":166,"column":17}},"11":{"start":{"line":172,"column":8},"end":{"line":174,"column":12}},"12":{"start":{"line":172,"column":22},"end":{"line":174,"column":10}},"13":{"start":{"line":173,"column":43},"end":{"line":173,"column":54}},"14":{"start":{"line":178,"column":20},"end":{"line":178,"column":30}},"15":{"start":{"line":179,"column":8},"end":{"line":183,"column":10}},"16":{"start":{"line":180,"column":10},"end":{"line":182,"column":26}},"17":{"start":{"line":187,"column":8},"end":{"line":189,"column":10}},"18":{"start":{"line":188,"column":10},"end":{"line":188,"column":42}}},"fnMap":{"0":{"name":"(anonymous_0)","decl":{"start":{"line":146,"column":4},"end":{"line":146,"column":5}},"loc":{"start":{"line":146,"column":19},"end":{"line":191,"column":6}}},"1":{"name":"(anonymous_1)","decl":{"start":{"line":149,"column":16},"end":{"line":149,"column":17}},"loc":{"start":{"line":149,"column":30},"end":{"line":159,"column":7}}},"2":{"name":"(anonymous_2)","decl":{"start":{"line":156,"column":12},"end":{"line":156,"column":17}},"loc":{"start":{"line":156,"column":22},"end":{"line":158,"column":10}}},"3":{"name":"(anonymous_3)","decl":{"start":{"line":161,"column":19},"end":{"line":161,"column":20}},"loc":{"start":{"line":161,"column":35},"end":{"line":169,"column":7}}},"4":{"name":"(anonymous_4)","decl":{"start":{"line":162,"column":12},"end":{"line":162,"column":17}},"loc":{"start":{"line":162,"column":22},"end":{"line":168,"column":10}}},"5":{"name":"(anonymous_5)","decl":{"start":{"line":163,"column":35},"end":{"line":163,"column":36}},"loc":{"start":{"line":164,"column":12},"end":{"line":166,"column":17}}},"6":{"name":"(anonymous_6)","decl":{"start":{"line":171,"column":19},"end":{"line":171,"column":20}},"loc":{"start":{"line":171,"column":26},"end":{"line":175,"column":7}}},"7":{"name":"(anonymous_7)","decl":{"start":{"line":172,"column":12},"end":{"line":172,"column":17}},"loc":{"start":{"line":172,"column":22},"end":{"line":174,"column":10}}},"8":{"name":"(anonymous_8)","decl":{"start":{"line":173,"column":38},"end":{"line":173,"column":39}},"loc":{"start":{"line":173,"column":43},"end":{"line":173,"column":54}}},"9":{"name":"(anonymous_9)","decl":{"start":{"line":177,"column":23},"end":{"line":177,"column":26}},"loc":{"start":{"line":177,"column":28},"end":{"line":184,"column":7}}},"10":{"name":"(anonymous_10)","decl":{"start":{"line":179,"column":35},"end":{"line":179,"column":36}},"loc":{"start":{"line":180,"column":10},"end":{"line":182,"column":26}}},"11":{"name":"(anonymous_11)","decl":{"start":{"line":186,"column":26},"end":{"line":186,"column":27}},"loc":{"start":{"line":186,"column":40},"end":{"line":190,"column":7}}},"12":{"name":"(anonymous_12)","decl":{"start":{"line":187,"column":46},"end":{"line":187,"column":47}},"loc":{"start":{"line":188,"column":10},"end":{"line":188,"column":42}}}},"branchMap":{"0":{"loc":{"start":{"line":164,"column":12},"end":{"line":166,"column":17}},"type":"cond-expr","locations":[{"start":{"line":165,"column":15},"end":{"line":165,"column":null}},{"start":{"line":166,"column":16},"end":{"line":166,"column":17}}]},"1":{"loc":{"start":{"line":180,"column":10},"end":{"line":182,"column":26}},"type":"binary-expr","locations":[{"start":{"line":180,"column":10},"end":{"line":180,"column":20}},{"start":{"line":181,"column":10},"end":{"line":181,"column":28}},{"start":{"line":182,"column":10},"end":{"line":182,"column":26}}]}},"s":{"0":6,"1":6,"2":6,"3":6,"4":6,"5":7,"6":7,"7":7,"8":3,"9":3,"10":25,"11":2,"12":2,"13":17,"14":26,"15":26,"16":215,"17":2,"18":16},"f":{"0":6,"1":7,"2":7,"3":3,"4":3,"5":25,"6":2,"7":2,"8":17,"9":26,"10":215,"11":2,"12":16},"b":{"0":[3,22],"1":[215,214,214]}}
,"D:\\Cursos Por Aprender Udemy\\React\\gestion de ventas\\gestion-de-ventas\\src\\stores\\productStore.ts": {"path":"D:\\Cursos Por Aprender Udemy\\React\\gestion de ventas\\gestion-de-ventas\\src\\stores\\productStore.ts","statementMap":{"0":{"start":{"line":1,"column":0},"end":{"line":1,"column":33}},"1":{"start":{"line":2,"column":0},"end":{"line":2,"column":45}},"2":{"start":{"line":22,"column":32},"end":{"line":320,"column":2}},"3":{"start":{"line":322,"column":13},"end":{"line":422,"column":2}},"4":{"start":{"line":324,"column":19},"end":{"line":417,"column":6}},"5":{"start":{"line":329,"column":24},"end":{"line":333,"column":null}},"6":{"start":{"line":336,"column":8},"end":{"line":341,"column":12}},"7":{"start":{"line":336,"column":22},"end":{"line":341,"column":10}},"8":{"start":{"line":345,"column":8},"end":{"line":351,"column":12}},"9":{"start":{"line":345,"column":22},"end":{"line":351,"column":10}},"10":{"start":{"line":347,"column":12},"end":{"line":349,"column":17}},"11":{"start":{"line":355,"column":8},"end":{"line":361,"column":12}},"12":{"start":{"line":355,"column":22},"end":{"line":361,"column":10}},"13":{"start":{"line":357,"column":12},"end":{"line":359,"column":17}},"14":{"start":{"line":365,"column":8},"end":{"line":365,"column":57}},"15":{"start":{"line":369,"column":8},"end":{"line":375,"column":12}},"16":{"start":{"line":369,"column":22},"end":{"line":375,"column":10}},"17":{"start":{"line":371,"column":12},"end":{"line":373,"column":17}},"18":{"start":{"line":379,"column":8},"end":{"line":385,"column":12}},"19":{"start":{"line":379,"column":22},"end":{"line":385,"column":10}},"20":{"start":{"line":381,"column":12},"end":{"line":383,"column":17}},"21":{"start":{"line":389,"column":8},"end":{"line":389,"column":71}},"22":{"start":{"line":389,"column":40},"end":{"line":389,"column":69}},"23":{"start":{"line":393,"column":8},"end":{"line":393,"column":77}},"24":{"start":{"line":393,"column":40},"end":{"line":393,"column":75}},"25":{"start":{"line":397,"column":25},"end":{"line":397,"column":39}},"26":{"start":{"line":398,"column":31},"end":{"line":398,"column":50}},"27":{"start":{"line":400,"column":8},"end":{"line":407,"column":10}},"28":{"start":{"line":401,"column":10},"end":{"line":405,"column":null}},"29":{"start":{"line":411,"column":8},"end":{"line":411,"column":81}},"30":{"start":{"line":411,"column":42},"end":{"line":411,"column":79}},"31":{"start":{"line":415,"column":8},"end":{"line":415,"column":78}},"32":{"start":{"line":415,"column":42},"end":{"line":415,"column":76}}},"fnMap":{"0":{"name":"(anonymous_0)","decl":{"start":{"line":324,"column":4},"end":{"line":324,"column":5}},"loc":{"start":{"line":324,"column":19},"end":{"line":417,"column":6}}},"1":{"name":"(anonymous_1)","decl":{"start":{"line":328,"column":18},"end":{"line":328,"column":19}},"loc":{"start":{"line":328,"column":34},"end":{"line":342,"column":7}}},"2":{"name":"(anonymous_2)","decl":{"start":{"line":336,"column":12},"end":{"line":336,"column":17}},"loc":{"start":{"line":336,"column":22},"end":{"line":341,"column":10}}},"3":{"name":"(anonymous_3)","decl":{"start":{"line":344,"column":21},"end":{"line":344,"column":22}},"loc":{"start":{"line":344,"column":37},"end":{"line":352,"column":7}}},"4":{"name":"(anonymous_4)","decl":{"start":{"line":345,"column":12},"end":{"line":345,"column":17}},"loc":{"start":{"line":345,"column":22},"end":{"line":351,"column":10}}},"5":{"name":"(anonymous_5)","decl":{"start":{"line":346,"column":39},"end":{"line":346,"column":40}},"loc":{"start":{"line":347,"column":12},"end":{"line":349,"column":17}}},"6":{"name":"(anonymous_6)","decl":{"start":{"line":354,"column":21},"end":{"line":354,"column":22}},"loc":{"start":{"line":354,"column":28},"end":{"line":362,"column":7}}},"7":{"name":"(anonymous_7)","decl":{"start":{"line":355,"column":12},"end":{"line":355,"column":17}},"loc":{"start":{"line":355,"column":22},"end":{"line":361,"column":10}}},"8":{"name":"(anonymous_8)","decl":{"start":{"line":356,"column":39},"end":{"line":356,"column":40}},"loc":{"start":{"line":357,"column":12},"end":{"line":359,"column":17}}},"9":{"name":"(anonymous_9)","decl":{"start":{"line":364,"column":19},"end":{"line":364,"column":20}},"loc":{"start":{"line":364,"column":36},"end":{"line":366,"column":7}}},"10":{"name":"(anonymous_10)","decl":{"start":{"line":368,"column":19},"end":{"line":368,"column":20}},"loc":{"start":{"line":368,"column":36},"end":{"line":376,"column":7}}},"11":{"name":"(anonymous_11)","decl":{"start":{"line":369,"column":12},"end":{"line":369,"column":17}},"loc":{"start":{"line":369,"column":22},"end":{"line":375,"column":10}}},"12":{"name":"(anonymous_12)","decl":{"start":{"line":370,"column":39},"end":{"line":370,"column":40}},"loc":{"start":{"line":371,"column":12},"end":{"line":373,"column":17}}},"13":{"name":"(anonymous_13)","decl":{"start":{"line":378,"column":20},"end":{"line":378,"column":21}},"loc":{"start":{"line":378,"column":37},"end":{"line":386,"column":7}}},"14":{"name":"(anonymous_14)","decl":{"start":{"line":379,"column":12},"end":{"line":379,"column":17}},"loc":{"start":{"line":379,"column":22},"end":{"line":385,"column":10}}},"15":{"name":"(anonymous_15)","decl":{"start":{"line":380,"column":39},"end":{"line":380,"column":40}},"loc":{"start":{"line":381,"column":12},"end":{"line":383,"column":17}}},"16":{"name":"(anonymous_16)","decl":{"start":{"line":388,"column":24},"end":{"line":388,"column":25}},"loc":{"start":{"line":388,"column":33},"end":{"line":390,"column":7}}},"17":{"name":"(anonymous_17)","decl":{"start":{"line":389,"column":35},"end":{"line":389,"column":36}},"loc":{"start":{"line":389,"column":40},"end":{"line":389,"column":69}}},"18":{"name":"(anonymous_18)","decl":{"start":{"line":392,"column":27},"end":{"line":392,"column":28}},"loc":{"start":{"line":392,"column":39},"end":{"line":394,"column":7}}},"19":{"name":"(anonymous_19)","decl":{"start":{"line":393,"column":35},"end":{"line":393,"column":36}},"loc":{"start":{"line":393,"column":40},"end":{"line":393,"column":75}}},"20":{"name":"(anonymous_20)","decl":{"start":{"line":396,"column":22},"end":{"line":396,"column":23}},"loc":{"start":{"line":396,"column":32},"end":{"line":408,"column":7}}},"21":{"name":"(anonymous_21)","decl":{"start":{"line":400,"column":31},"end":{"line":400,"column":32}},"loc":{"start":{"line":401,"column":10},"end":{"line":405,"column":null}}},"22":{"name":"(anonymous_22)","decl":{"start":{"line":410,"column":29},"end":{"line":410,"column":30}},"loc":{"start":{"line":410,"column":42},"end":{"line":412,"column":7}}},"23":{"name":"(anonymous_23)","decl":{"start":{"line":411,"column":37},"end":{"line":411,"column":38}},"loc":{"start":{"line":411,"column":42},"end":{"line":411,"column":79}}},"24":{"name":"(anonymous_24)","decl":{"start":{"line":414,"column":27},"end":{"line":414,"column":28}},"loc":{"start":{"line":414,"column":46},"end":{"line":416,"column":7}}},"25":{"name":"(anonymous_25)","decl":{"start":{"line":415,"column":37},"end":{"line":415,"column":38}},"loc":{"start":{"line":415,"column":42},"end":{"line":415,"column":76}}}},"branchMap":{"0":{"loc":{"start":{"line":338,"column":22},"end":{"line":340,"column":30}},"type":"cond-expr","locations":[{"start":{"line":339,"column":14},"end":{"line":339,"column":57}},{"start":{"line":340,"column":14},"end":{"line":340,"column":30}}]},"1":{"loc":{"start":{"line":338,"column":22},"end":{"line":338,"column":94}},"type":"binary-expr","locations":[{"start":{"line":338,"column":22},"end":{"line":338,"column":42}},{"start":{"line":338,"column":46},"end":{"line":338,"column":94}}]},"2":{"loc":{"start":{"line":347,"column":12},"end":{"line":349,"column":17}},"type":"cond-expr","locations":[{"start":{"line":348,"column":15},"end":{"line":348,"column":null}},{"start":{"line":349,"column":16},"end":{"line":349,"column":17}}]},"3":{"loc":{"start":{"line":357,"column":12},"end":{"line":359,"column":17}},"type":"cond-expr","locations":[{"start":{"line":358,"column":15},"end":{"line":358,"column":null}},{"start":{"line":359,"column":16},"end":{"line":359,"column":17}}]},"4":{"loc":{"start":{"line":371,"column":12},"end":{"line":373,"column":17}},"type":"cond-expr","locations":[{"start":{"line":372,"column":15},"end":{"line":372,"column":null}},{"start":{"line":373,"column":16},"end":{"line":373,"column":17}}]},"5":{"loc":{"start":{"line":381,"column":12},"end":{"line":383,"column":17}},"type":"cond-expr","locations":[{"start":{"line":382,"column":15},"end":{"line":382,"column":null}},{"start":{"line":383,"column":16},"end":{"line":383,"column":17}}]},"6":{"loc":{"start":{"line":389,"column":40},"end":{"line":389,"column":69}},"type":"binary-expr","locations":[{"start":{"line":389,"column":40},"end":{"line":389,"column":55}},{"start":{"line":389,"column":59},"end":{"line":389,"column":69}}]},"7":{"loc":{"start":{"line":393,"column":40},"end":{"line":393,"column":75}},"type":"binary-expr","locations":[{"start":{"line":393,"column":40},"end":{"line":393,"column":61}},{"start":{"line":393,"column":65},"end":{"line":393,"column":75}}]},"8":{"loc":{"start":{"line":401,"column":10},"end":{"line":405,"column":null}},"type":"binary-expr","locations":[{"start":{"line":401,"column":10},"end":{"line":401,"column":20}},{"start":{"line":402,"column":12},"end":{"line":402,"column":57}},{"start":{"line":403,"column":12},"end":{"line":403,"column":64}},{"start":{"line":404,"column":12},"end":{"line":404,"column":37}},{"start":{"line":405,"column":12},"end":{"line":405,"column":61}}]},"9":{"loc":{"start":{"line":411,"column":42},"end":{"line":411,"column":79}},"type":"binary-expr","locations":[{"start":{"line":411,"column":42},"end":{"line":411,"column":65}},{"start":{"line":411,"column":69},"end":{"line":411,"column":79}}]},"10":{"loc":{"start":{"line":414,"column":28},"end":{"line":414,"column":42}},"type":"default-arg","locations":[{"start":{"line":414,"column":40},"end":{"line":414,"column":42}}]},"11":{"loc":{"start":{"line":415,"column":42},"end":{"line":415,"column":76}},"type":"binary-expr","locations":[{"start":{"line":415,"column":42},"end":{"line":415,"column":52}},{"start":{"line":415,"column":56},"end":{"line":415,"column":76}}]}},"s":{"0":7,"1":7,"2":7,"3":7,"4":7,"5":3,"6":3,"7":3,"8":2,"9":2,"10":41,"11":2,"12":2,"13":41,"14":1,"15":15,"16":15,"17":301,"18":7,"19":7,"20":140,"21":9,"22":89,"23":3,"24":9,"25":1,"26":1,"27":1,"28":20,"29":1,"30":20,"31":2,"32":41},"f":{"0":7,"1":3,"2":3,"3":2,"4":2,"5":41,"6":2,"7":2,"8":41,"9":1,"10":15,"11":15,"12":301,"13":7,"14":7,"15":140,"16":9,"17":89,"18":3,"19":9,"20":1,"21":20,"22":1,"23":20,"24":2,"25":41},"b":{"0":[3,0],"1":[3,3],"2":[2,39],"3":[2,39],"4":[15,286],"5":[7,133],"6":[89,9],"7":[9,3],"8":[20,20,20,19,19],"9":[20,3],"10":[1],"11":[41,40]}}
,"D:\\Cursos Por Aprender Udemy\\React\\gestion de ventas\\gestion-de-ventas\\src\\stores\\salesStore.ts": {"path":"D:\\Cursos Por Aprender Udemy\\React\\gestion de ventas\\gestion-de-ventas\\src\\stores\\salesStore.ts","statementMap":{"0":{"start":{"line":1,"column":0},"end":{"line":1,"column":33}},"1":{"start":{"line":2,"column":0},"end":{"line":2,"column":45}},"2":{"start":{"line":29,"column":13},"end":{"line":129,"column":2}},"3":{"start":{"line":31,"column":19},"end":{"line":124,"column":6}},"4":{"start":{"line":36,"column":25},"end":{"line":36,"column":95}},"5":{"start":{"line":36,"column":53},"end":{"line":36,"column":91}},"6":{"start":{"line":37,"column":31},"end":{"line":37,"column":82}},"7":{"start":{"line":37,"column":59},"end":{"line":37,"column":78}},"8":{"start":{"line":38,"column":26},"end":{"line":38,"column":60}},"9":{"start":{"line":39,"column":22},"end":{"line":39,"column":59}},"10":{"start":{"line":41,"column":29},"end":{"line":41,"column":45}},"11":{"start":{"line":43,"column":27},"end":{"line":59,"column":10}},"12":{"start":{"line":61,"column":8},"end":{"line":63,"column":12}},"13":{"start":{"line":61,"column":22},"end":{"line":63,"column":10}},"14":{"start":{"line":65,"column":8},"end":{"line":65,"column":20}},"15":{"start":{"line":69,"column":29},"end":{"line":69,"column":75}},"16":{"start":{"line":69,"column":51},"end":{"line":69,"column":74}},"17":{"start":{"line":71,"column":8},"end":{"line":73,"column":9}},"18":{"start":{"line":72,"column":10},"end":{"line":72,"column":22}},"19":{"start":{"line":75,"column":29},"end":{"line":75,"column":77}},"20":{"start":{"line":75,"column":57},"end":{"line":75,"column":73}},"21":{"start":{"line":77,"column":31},"end":{"line":87,"column":10}},"22":{"start":{"line":90,"column":30},"end":{"line":90,"column":127}},"23":{"start":{"line":90,"column":88},"end":{"line":90,"column":108}},"24":{"start":{"line":91,"column":33},"end":{"line":91,"column":84}},"25":{"start":{"line":94,"column":8},"end":{"line":101,"column":12}},"26":{"start":{"line":94,"column":22},"end":{"line":101,"column":10}},"27":{"start":{"line":96,"column":12},"end":{"line":98,"column":17}},"28":{"start":{"line":103,"column":8},"end":{"line":103,"column":22}},"29":{"start":{"line":107,"column":8},"end":{"line":107,"column":70}},"30":{"start":{"line":107,"column":37},"end":{"line":107,"column":68}},"31":{"start":{"line":111,"column":22},"end":{"line":111,"column":32}},"32":{"start":{"line":112,"column":8},"end":{"line":112,"column":35}},"33":{"start":{"line":114,"column":8},"end":{"line":114,"column":61}},"34":{"start":{"line":114,"column":39},"end":{"line":114,"column":59}},"35":{"start":{"line":118,"column":8},"end":{"line":118,"column":68}},"36":{"start":{"line":118,"column":39},"end":{"line":118,"column":66}},"37":{"start":{"line":122,"column":8},"end":{"line":122,"column":70}},"38":{"start":{"line":122,"column":41},"end":{"line":122,"column":68}}},"fnMap":{"0":{"name":"(anonymous_0)","decl":{"start":{"line":31,"column":4},"end":{"line":31,"column":5}},"loc":{"start":{"line":31,"column":19},"end":{"line":124,"column":6}}},"1":{"name":"(anonymous_1)","decl":{"start":{"line":35,"column":20},"end":{"line":35,"column":21}},"loc":{"start":{"line":35,"column":97},"end":{"line":66,"column":7}}},"2":{"name":"(anonymous_2)","decl":{"start":{"line":36,"column":38},"end":{"line":36,"column":39}},"loc":{"start":{"line":36,"column":53},"end":{"line":36,"column":91}}},"3":{"name":"(anonymous_3)","decl":{"start":{"line":37,"column":44},"end":{"line":37,"column":45}},"loc":{"start":{"line":37,"column":59},"end":{"line":37,"column":78}}},"4":{"name":"(anonymous_4)","decl":{"start":{"line":61,"column":12},"end":{"line":61,"column":17}},"loc":{"start":{"line":61,"column":22},"end":{"line":63,"column":10}}},"5":{"name":"(anonymous_5)","decl":{"start":{"line":68,"column":21},"end":{"line":68,"column":22}},"loc":{"start":{"line":68,"column":81},"end":{"line":104,"column":7}}},"6":{"name":"(anonymous_6)","decl":{"start":{"line":69,"column":46},"end":{"line":69,"column":47}},"loc":{"start":{"line":69,"column":51},"end":{"line":69,"column":74}}},"7":{"name":"(anonymous_7)","decl":{"start":{"line":75,"column":42},"end":{"line":75,"column":43}},"loc":{"start":{"line":75,"column":57},"end":{"line":75,"column":73}}},"8":{"name":"(anonymous_8)","decl":{"start":{"line":90,"column":76},"end":{"line":90,"column":77}},"loc":{"start":{"line":90,"column":88},"end":{"line":90,"column":108}}},"9":{"name":"(anonymous_9)","decl":{"start":{"line":94,"column":12},"end":{"line":94,"column":17}},"loc":{"start":{"line":94,"column":22},"end":{"line":101,"column":10}}},"10":{"name":"(anonymous_10)","decl":{"start":{"line":95,"column":33},"end":{"line":95,"column":34}},"loc":{"start":{"line":96,"column":12},"end":{"line":98,"column":17}}},"11":{"name":"(anonymous_11)","decl":{"start":{"line":106,"column":23},"end":{"line":106,"column":24}},"loc":{"start":{"line":106,"column":40},"end":{"line":108,"column":7}}},"12":{"name":"(anonymous_12)","decl":{"start":{"line":107,"column":32},"end":{"line":107,"column":33}},"loc":{"start":{"line":107,"column":37},"end":{"line":107,"column":68}}},"13":{"name":"(anonymous_13)","decl":{"start":{"line":110,"column":21},"end":{"line":110,"column":24}},"loc":{"start":{"line":110,"column":26},"end":{"line":115,"column":7}}},"14":{"name":"(anonymous_14)","decl":{"start":{"line":114,"column":34},"end":{"line":114,"column":35}},"loc":{"start":{"line":114,"column":39},"end":{"line":114,"column":59}}},"15":{"name":"(anonymous_15)","decl":{"start":{"line":117,"column":26},"end":{"line":117,"column":27}},"loc":{"start":{"line":117,"column":41},"end":{"line":119,"column":7}}},"16":{"name":"(anonymous_16)","decl":{"start":{"line":118,"column":34},"end":{"line":118,"column":35}},"loc":{"start":{"line":118,"column":39},"end":{"line":118,"column":66}}},"17":{"name":"(anonymous_17)","decl":{"start":{"line":121,"column":24},"end":{"line":121,"column":25}},"loc":{"start":{"line":121,"column":35},"end":{"line":123,"column":7}}},"18":{"name":"(anonymous_18)","decl":{"start":{"line":122,"column":36},"end":{"line":122,"column":37}},"loc":{"start":{"line":122,"column":41},"end":{"line":122,"column":68}}}},"branchMap":{"0":{"loc":{"start":{"line":71,"column":8},"end":{"line":73,"column":9}},"type":"if","locations":[{"start":{"line":71,"column":8},"end":{"line":73,"column":9}},{"start":{},"end":{}}]},"1":{"loc":{"start":{"line":96,"column":12},"end":{"line":98,"column":17}},"type":"cond-expr","locations":[{"start":{"line":97,"column":15},"end":{"line":97,"column":null}},{"start":{"line":98,"column":16},"end":{"line":98,"column":17}}]},"2":{"loc":{"start":{"line":97,"column":32},"end":{"line":97,"column":98}},"type":"cond-expr","locations":[{"start":{"line":97,"column":51},"end":{"line":97,"column":70}},{"start":{"line":97,"column":73},"end":{"line":97,"column":98}}]}},"s":{"0":5,"1":5,"2":5,"3":5,"4":19,"5":21,"6":19,"7":21,"8":19,"9":19,"10":19,"11":19,"12":19,"13":19,"14":19,"15":10,"16":10,"17":10,"18":1,"19":9,"20":10,"21":9,"22":9,"23":1,"24":9,"25":9,"26":9,"27":9,"28":9,"29":6,"30":6,"31":2,"32":2,"33":2,"34":2,"35":1,"36":2,"37":11,"38":3},"f":{"0":5,"1":19,"2":21,"3":21,"4":19,"5":10,"6":10,"7":10,"8":1,"9":9,"10":9,"11":6,"12":6,"13":2,"14":2,"15":1,"16":2,"17":11,"18":3},"b":{"0":[1,9],"1":[9,0],"2":[0,9]}}
}
