TN:
SF:src\stores\authStore.ts
FN:54,(anonymous_7)
FN:61,(anonymous_8)
FN:61,(anonymous_9)
FN:63,(anonymous_10)
FN:93,(anonymous_11)
FN:95,(anonymous_12)
FN:102,(anonymous_13)
FN:105,(anonymous_14)
FN:108,(anonymous_15)
FN:117,(anonymous_16)
FN:120,(anonymous_17)
FN:121,(anonymous_18)
FN:130,(anonymous_19)
FN:135,(anonymous_20)
FN:153,(anonymous_21)
FN:159,(anonymous_22)
FN:181,(anonymous_23)
FN:183,(anonymous_24)
FN:191,(anonymous_25)
FN:195,(anonymous_26)
FN:200,(anonymous_27)
FN:205,(anonymous_28)
FN:206,(anonymous_29)
FN:207,(anonymous_30)
FN:213,(anonymous_31)
FN:214,(anonymous_32)
FN:215,(anonymous_33)
FN:221,(anonymous_34)
FNF:28
FNH:13
FNDA:6,(anonymous_7)
FNDA:27,(anonymous_8)
FNDA:27,(anonymous_9)
FNDA:35,(anonymous_10)
FNDA:19,(anonymous_11)
FNDA:10,(anonymous_12)
FNDA:9,(anonymous_13)
FNDA:9,(anonymous_14)
FNDA:9,(anonymous_15)
FNDA:0,(anonymous_16)
FNDA:0,(anonymous_17)
FNDA:0,(anonymous_18)
FNDA:0,(anonymous_19)
FNDA:0,(anonymous_20)
FNDA:1,(anonymous_21)
FNDA:1,(anonymous_22)
FNDA:19,(anonymous_23)
FNDA:10,(anonymous_24)
FNDA:0,(anonymous_25)
FNDA:0,(anonymous_26)
FNDA:0,(anonymous_27)
FNDA:0,(anonymous_28)
FNDA:0,(anonymous_29)
FNDA:0,(anonymous_30)
FNDA:0,(anonymous_31)
FNDA:0,(anonymous_32)
FNDA:0,(anonymous_33)
FNDA:0,(anonymous_34)
DA:1,6
DA:2,6
DA:23,6
DA:50,6
DA:52,6
DA:54,6
DA:61,27
DA:62,27
DA:63,35
DA:65,27
DA:66,0
DA:70,27
DA:71,6
DA:75,21
DA:76,2
DA:80,19
DA:81,0
DA:85,19
DA:93,19
DA:95,10
DA:99,19
DA:103,9
DA:104,9
DA:105,9
DA:109,9
DA:118,0
DA:119,0
DA:120,0
DA:122,0
DA:131,0
DA:132,0
DA:134,0
DA:135,0
DA:138,0
DA:140,0
DA:141,0
DA:142,0
DA:145,0
DA:146,0
DA:147,0
DA:148,0
DA:150,0
DA:154,1
DA:155,1
DA:157,1
DA:159,1
DA:160,1
DA:161,1
DA:163,1
DA:164,0
DA:167,1
DA:168,1
DA:170,1
DA:171,1
DA:172,1
DA:173,1
DA:174,1
DA:182,19
DA:183,19
DA:184,10
DA:192,0
DA:196,0
DA:200,0
DA:206,0
DA:208,0
DA:214,0
DA:215,0
DA:221,0
LF:68
LH:40
BRDA:65,0,0,0
BRDA:65,0,1,27
BRDA:70,1,0,6
BRDA:70,1,1,21
BRDA:75,2,0,2
BRDA:75,2,1,19
BRDA:80,3,0,0
BRDA:80,3,1,19
BRDA:104,4,0,9
BRDA:104,4,1,0
BRDA:104,5,0,0
BRDA:104,5,1,9
BRDA:104,6,0,9
BRDA:104,6,1,9
BRDA:109,7,0,9
BRDA:109,7,1,0
BRDA:109,8,0,0
BRDA:109,8,1,9
BRDA:109,9,0,9
BRDA:109,9,1,9
BRDA:119,10,0,0
BRDA:119,10,1,0
BRDA:119,11,0,0
BRDA:119,11,1,0
BRDA:119,12,0,0
BRDA:119,12,1,0
BRDA:122,13,0,0
BRDA:122,13,1,0
BRDA:122,14,0,0
BRDA:122,14,1,0
BRDA:122,15,0,0
BRDA:122,15,1,0
BRDA:132,16,0,0
BRDA:132,16,1,0
BRDA:135,17,0,0
BRDA:135,17,1,0
BRDA:135,18,0,0
BRDA:135,18,1,0
BRDA:135,19,0,0
BRDA:135,19,1,0
BRDA:138,20,0,0
BRDA:138,20,1,0
BRDA:141,21,0,0
BRDA:141,21,1,0
BRDA:160,22,0,1
BRDA:160,22,1,0
BRDA:163,23,0,0
BRDA:163,23,1,1
BRDA:171,24,0,1
BRDA:171,24,1,0
BRDA:172,25,0,1
BRDA:172,25,1,0
BRDA:172,26,0,0
BRDA:172,26,1,1
BRDA:172,27,0,1
BRDA:172,27,1,1
BRDA:184,28,0,10
BRDA:184,28,1,2
BRDA:184,28,2,0
BRDA:208,29,0,0
BRDA:208,29,1,0
BRF:61
BRH:23
end_of_record
TN:
SF:src\stores\cartStore.ts
FN:24,(anonymous_0)
FN:29,(anonymous_1)
FN:34,(anonymous_2)
FN:50,(anonymous_3)
FN:55,(anonymous_4)
FN:66,(anonymous_5)
FN:96,(anonymous_6)
FN:101,(anonymous_7)
FN:108,(anonymous_8)
FN:115,(anonymous_9)
FN:126,(anonymous_10)
FN:131,(anonymous_11)
FN:134,(anonymous_12)
FN:137,(anonymous_13)
FN:142,(anonymous_14)
FN:145,(anonymous_15)
FN:157,(anonymous_16)
FN:160,(anonymous_17)
FN:165,(anonymous_18)
FN:167,(anonymous_19)
FN:170,(anonymous_20)
FN:176,(anonymous_21)
FN:183,(anonymous_22)
FN:188,(anonymous_23)
FN:192,(anonymous_24)
FN:192,(anonymous_25)
FN:196,(anonymous_26)
FN:205,(anonymous_27)
FN:208,(anonymous_28)
FN:210,(anonymous_29)
FN:233,(anonymous_30)
FN:235,(anonymous_31)
FN:245,(anonymous_32)
FN:261,(anonymous_33)
FN:261,(anonymous_34)
FN:264,(anonymous_35)
FNF:36
FNH:35
FNDA:7,(anonymous_0)
FNDA:28,(anonymous_1)
FNDA:6,(anonymous_2)
FNDA:35,(anonymous_3)
FNDA:8,(anonymous_4)
FNDA:1,(anonymous_5)
FNDA:17,(anonymous_6)
FNDA:5,(anonymous_7)
FNDA:4,(anonymous_8)
FNDA:5,(anonymous_9)
FNDA:2,(anonymous_10)
FNDA:1,(anonymous_11)
FNDA:1,(anonymous_12)
FNDA:0,(anonymous_13)
FNDA:4,(anonymous_14)
FNDA:4,(anonymous_15)
FNDA:15,(anonymous_16)
FNDA:32,(anonymous_17)
FNDA:14,(anonymous_18)
FNDA:30,(anonymous_19)
FNDA:7,(anonymous_20)
FNDA:4,(anonymous_21)
FNDA:1,(anonymous_22)
FNDA:19,(anonymous_23)
FNDA:19,(anonymous_24)
FNDA:19,(anonymous_25)
FNDA:25,(anonymous_26)
FNDA:155,(anonymous_27)
FNDA:115,(anonymous_28)
FNDA:143,(anonymous_29)
FNDA:40,(anonymous_30)
FNDA:47,(anonymous_31)
FNDA:17,(anonymous_32)
FNDA:5,(anonymous_33)
FNDA:5,(anonymous_34)
FNDA:100,(anonymous_35)
DA:1,7
DA:2,7
DA:22,7
DA:24,7
DA:30,28
DA:33,28
DA:34,6
DA:43,28
DA:44,28
DA:51,35
DA:52,35
DA:54,35
DA:55,8
DA:58,35
DA:59,1
DA:60,1
DA:61,0
DA:62,0
DA:65,1
DA:67,1
DA:77,34
DA:78,2
DA:79,2
DA:82,32
DA:90,32
DA:96,33
DA:97,17
DA:102,5
DA:103,1
DA:104,1
DA:107,4
DA:108,4
DA:109,4
DA:110,0
DA:111,0
DA:114,4
DA:116,5
DA:126,4
DA:127,2
DA:132,1
DA:133,1
DA:134,1
DA:137,1
DA:138,0
DA:143,4
DA:144,4
DA:145,4
DA:153,0
DA:158,15
DA:159,15
DA:160,32
DA:166,14
DA:167,30
DA:172,7
DA:173,7
DA:177,4
DA:178,4
DA:179,4
DA:180,4
DA:184,1
DA:185,1
DA:189,19
DA:192,19
DA:193,19
DA:196,25
DA:202,19
DA:205,19
DA:206,155
DA:208,115
DA:209,115
DA:210,143
DA:212,115
DA:213,15
DA:214,15
DA:215,9
DA:219,9
DA:221,9
DA:223,9
DA:231,40
DA:233,40
DA:234,40
DA:235,47
DA:237,40
DA:238,7
DA:241,7
DA:244,7
DA:245,17
DA:247,7
DA:248,2
DA:250,2
DA:253,2
DA:261,5
DA:262,5
DA:264,100
DA:265,5
DA:266,5
DA:274,5
DA:284,19
LF:98
LH:92
BRDA:33,0,0,6
BRDA:33,0,1,22
BRDA:33,1,0,28
BRDA:33,1,1,8
BRDA:43,2,0,28
BRDA:43,2,1,24
BRDA:50,3,0,0
BRDA:52,4,0,0
BRDA:52,4,1,35
BRDA:58,5,0,1
BRDA:58,5,1,34
BRDA:60,6,0,0
BRDA:60,6,1,1
BRDA:67,7,0,1
BRDA:67,7,1,0
BRDA:77,8,0,2
BRDA:77,8,1,32
BRDA:102,9,0,1
BRDA:102,9,1,4
BRDA:109,10,0,0
BRDA:109,10,1,4
BRDA:109,11,0,4
BRDA:109,11,1,4
BRDA:116,12,0,4
BRDA:116,12,1,1
BRDA:144,13,0,4
BRDA:144,13,1,0
BRDA:206,14,0,115
BRDA:206,14,1,40
BRDA:212,15,0,15
BRDA:212,15,1,100
BRDA:214,16,0,9
BRDA:214,16,1,6
BRDA:220,17,0,9
BRDA:220,17,1,0
BRDA:231,18,0,40
BRDA:231,18,1,0
BRDA:231,19,0,40
BRDA:231,19,1,40
BRDA:237,20,0,7
BRDA:237,20,1,33
BRDA:237,21,0,40
BRDA:237,21,1,7
BRDA:241,22,0,7
BRDA:241,22,1,0
BRDA:247,23,0,2
BRDA:247,23,1,5
BRDA:265,24,0,5
BRDA:265,24,1,0
BRF:49
BRH:39
end_of_record
TN:
SF:src\stores\offerStore.ts
FN:146,(anonymous_0)
FN:149,(anonymous_1)
FN:156,(anonymous_2)
FN:161,(anonymous_3)
FN:162,(anonymous_4)
FN:163,(anonymous_5)
FN:171,(anonymous_6)
FN:172,(anonymous_7)
FN:173,(anonymous_8)
FN:177,(anonymous_9)
FN:179,(anonymous_10)
FN:186,(anonymous_11)
FN:187,(anonymous_12)
FNF:13
FNH:13
FNDA:6,(anonymous_0)
FNDA:7,(anonymous_1)
FNDA:7,(anonymous_2)
FNDA:3,(anonymous_3)
FNDA:3,(anonymous_4)
FNDA:25,(anonymous_5)
FNDA:2,(anonymous_6)
FNDA:2,(anonymous_7)
FNDA:17,(anonymous_8)
FNDA:26,(anonymous_9)
FNDA:215,(anonymous_10)
FNDA:2,(anonymous_11)
FNDA:16,(anonymous_12)
DA:1,6
DA:2,6
DA:14,6
DA:144,6
DA:146,6
DA:150,7
DA:156,7
DA:162,3
DA:164,25
DA:172,2
DA:173,17
DA:178,26
DA:179,26
DA:180,215
DA:187,2
DA:188,16
LF:16
LH:16
BRDA:164,0,0,3
BRDA:164,0,1,22
BRDA:180,1,0,215
BRDA:180,1,1,214
BRDA:180,1,2,214
BRF:5
BRH:5
end_of_record
TN:
SF:src\stores\productStore.ts
FN:324,(anonymous_0)
FN:328,(anonymous_1)
FN:336,(anonymous_2)
FN:344,(anonymous_3)
FN:345,(anonymous_4)
FN:346,(anonymous_5)
FN:354,(anonymous_6)
FN:355,(anonymous_7)
FN:356,(anonymous_8)
FN:364,(anonymous_9)
FN:368,(anonymous_10)
FN:369,(anonymous_11)
FN:370,(anonymous_12)
FN:378,(anonymous_13)
FN:379,(anonymous_14)
FN:380,(anonymous_15)
FN:388,(anonymous_16)
FN:389,(anonymous_17)
FN:392,(anonymous_18)
FN:393,(anonymous_19)
FN:396,(anonymous_20)
FN:400,(anonymous_21)
FN:410,(anonymous_22)
FN:411,(anonymous_23)
FN:414,(anonymous_24)
FN:415,(anonymous_25)
FNF:26
FNH:26
FNDA:7,(anonymous_0)
FNDA:3,(anonymous_1)
FNDA:3,(anonymous_2)
FNDA:2,(anonymous_3)
FNDA:2,(anonymous_4)
FNDA:41,(anonymous_5)
FNDA:2,(anonymous_6)
FNDA:2,(anonymous_7)
FNDA:41,(anonymous_8)
FNDA:1,(anonymous_9)
FNDA:15,(anonymous_10)
FNDA:15,(anonymous_11)
FNDA:301,(anonymous_12)
FNDA:7,(anonymous_13)
FNDA:7,(anonymous_14)
FNDA:140,(anonymous_15)
FNDA:9,(anonymous_16)
FNDA:89,(anonymous_17)
FNDA:3,(anonymous_18)
FNDA:9,(anonymous_19)
FNDA:1,(anonymous_20)
FNDA:20,(anonymous_21)
FNDA:1,(anonymous_22)
FNDA:20,(anonymous_23)
FNDA:2,(anonymous_24)
FNDA:41,(anonymous_25)
DA:1,7
DA:2,7
DA:22,7
DA:322,7
DA:324,7
DA:329,3
DA:336,3
DA:345,2
DA:347,41
DA:355,2
DA:357,41
DA:365,1
DA:369,15
DA:371,301
DA:379,7
DA:381,140
DA:389,89
DA:393,9
DA:397,1
DA:398,1
DA:400,1
DA:401,20
DA:411,20
DA:415,41
LF:24
LH:24
BRDA:338,0,0,3
BRDA:338,0,1,0
BRDA:338,1,0,3
BRDA:338,1,1,3
BRDA:347,2,0,2
BRDA:347,2,1,39
BRDA:357,3,0,2
BRDA:357,3,1,39
BRDA:371,4,0,15
BRDA:371,4,1,286
BRDA:381,5,0,7
BRDA:381,5,1,133
BRDA:389,6,0,89
BRDA:389,6,1,9
BRDA:393,7,0,9
BRDA:393,7,1,3
BRDA:401,8,0,20
BRDA:401,8,1,20
BRDA:401,8,2,20
BRDA:401,8,3,19
BRDA:401,8,4,19
BRDA:411,9,0,20
BRDA:411,9,1,3
BRDA:414,10,0,1
BRDA:415,11,0,41
BRDA:415,11,1,40
BRF:26
BRH:25
end_of_record
TN:
SF:src\stores\salesStore.ts
FN:31,(anonymous_0)
FN:35,(anonymous_1)
FN:36,(anonymous_2)
FN:37,(anonymous_3)
FN:61,(anonymous_4)
FN:68,(anonymous_5)
FN:69,(anonymous_6)
FN:75,(anonymous_7)
FN:90,(anonymous_8)
FN:94,(anonymous_9)
FN:95,(anonymous_10)
FN:106,(anonymous_11)
FN:107,(anonymous_12)
FN:110,(anonymous_13)
FN:114,(anonymous_14)
FN:117,(anonymous_15)
FN:118,(anonymous_16)
FN:121,(anonymous_17)
FN:122,(anonymous_18)
FNF:19
FNH:19
FNDA:5,(anonymous_0)
FNDA:19,(anonymous_1)
FNDA:21,(anonymous_2)
FNDA:21,(anonymous_3)
FNDA:19,(anonymous_4)
FNDA:10,(anonymous_5)
FNDA:10,(anonymous_6)
FNDA:10,(anonymous_7)
FNDA:1,(anonymous_8)
FNDA:9,(anonymous_9)
FNDA:9,(anonymous_10)
FNDA:6,(anonymous_11)
FNDA:6,(anonymous_12)
FNDA:2,(anonymous_13)
FNDA:2,(anonymous_14)
FNDA:1,(anonymous_15)
FNDA:2,(anonymous_16)
FNDA:11,(anonymous_17)
FNDA:3,(anonymous_18)
DA:1,5
DA:2,5
DA:29,5
DA:31,5
DA:36,21
DA:37,21
DA:38,19
DA:39,19
DA:41,19
DA:43,19
DA:61,19
DA:65,19
DA:69,10
DA:71,10
DA:72,1
DA:75,10
DA:77,9
DA:90,9
DA:91,9
DA:94,9
DA:96,9
DA:103,9
DA:107,6
DA:111,2
DA:112,2
DA:114,2
DA:118,2
DA:122,11
LF:28
LH:28
BRDA:71,0,0,1
BRDA:71,0,1,9
BRDA:96,1,0,9
BRDA:96,1,1,0
BRDA:97,2,0,0
BRDA:97,2,1,9
BRF:6
BRH:4
end_of_record
